{"/run/media/aydin/philips/shoppingify/react/src/components/common/Logout.tsx": {"path":"/run/media/aydin/philips/shoppingify/react/src/components/common/Logout.tsx","statementMap":{"0":{"start":{"line":1,"column":0},"end":{"line":1,"column":41}},"1":{"start":{"line":4,"column":17},"end":{"line":7,"column":3}},"2":{"start":{"line":5,"column":4},"end":{"line":5,"column":44}},"3":{"start":{"line":6,"column":4},"end":{"line":6,"column":29}},"4":{"start":{"line":9,"column":2},"end":{"line":15,"column":4}},"5":{"start":{"line":3,"column":0},"end":{"line":3,"column":24}}},"fnMap":{"0":{"name":"Logout","decl":{"start":{"line":3,"column":24},"end":{"line":3,"column":30}},"loc":{"start":{"line":3,"column":30},"end":{"line":16,"column":1}}},"1":{"name":"(anonymous_1)","decl":{"start":{"line":4,"column":17},"end":{"line":4,"column":20}},"loc":{"start":{"line":4,"column":22},"end":{"line":7,"column":3}}}},"branchMap":{},"s":{"0":1,"1":1,"2":1,"3":1,"4":1,"5":1},"f":{"0":1,"1":1},"b":{}}
,"/run/media/aydin/philips/shoppingify/react/src/components/common/NavCartButton.tsx": {"path":"/run/media/aydin/philips/shoppingify/react/src/components/common/NavCartButton.tsx","statementMap":{"0":{"start":{"line":1,"column":0},"end":{"line":1,"column":48}},"1":{"start":{"line":2,"column":0},"end":{"line":2,"column":40}},"2":{"start":{"line":4,"column":0},"end":{"line":4,"column":60}},"3":{"start":{"line":5,"column":0},"end":{"line":5,"column":78}},"4":{"start":{"line":8,"column":29},"end":{"line":8,"column":75}},"5":{"start":{"line":10,"column":33},"end":{"line":10,"column":52}},"6":{"start":{"line":11,"column":2},"end":{"line":28,"column":4}},"7":{"start":{"line":7,"column":0},"end":{"line":7,"column":24}}},"fnMap":{"0":{"name":"NavCartButton","decl":{"start":{"line":7,"column":24},"end":{"line":7,"column":37}},"loc":{"start":{"line":7,"column":37},"end":{"line":29,"column":1}}}},"branchMap":{},"s":{"0":1,"1":1,"2":1,"3":1,"4":3,"5":3,"6":3,"7":1},"f":{"0":3},"b":{}}
,"/run/media/aydin/philips/shoppingify/react/src/components/common/NavigationLink.tsx": {"path":"/run/media/aydin/philips/shoppingify/react/src/components/common/NavigationLink.tsx","statementMap":{"0":{"start":{"line":2,"column":0},"end":{"line":2,"column":58}},"1":{"start":{"line":3,"column":0},"end":{"line":3,"column":43}},"2":{"start":{"line":14,"column":2},"end":{"line":24,"column":4}},"3":{"start":{"line":20,"column":52},"end":{"line":20,"column":88}},"4":{"start":{"line":5,"column":0},"end":{"line":5,"column":24}}},"fnMap":{"0":{"name":"NavigationLink","decl":{"start":{"line":5,"column":24},"end":{"line":5,"column":38}},"loc":{"start":{"line":13,"column":1},"end":{"line":25,"column":1}}},"1":{"name":"(anonymous_1)","decl":{"start":{"line":20,"column":34},"end":{"line":20,"column":35}},"loc":{"start":{"line":20,"column":52},"end":{"line":20,"column":88}}}},"branchMap":{"0":{"loc":{"start":{"line":20,"column":59},"end":{"line":20,"column":86}},"type":"cond-expr","locations":[{"start":{"line":20,"column":70},"end":{"line":20,"column":81}},{"start":{"line":20,"column":84},"end":{"line":20,"column":86}}]}},"s":{"0":1,"1":1,"2":1,"3":3,"4":1},"f":{"0":1,"1":3},"b":{"0":[1,2]}}
,"/run/media/aydin/philips/shoppingify/react/src/components/common/Notification.tsx": {"path":"/run/media/aydin/philips/shoppingify/react/src/components/common/Notification.tsx","statementMap":{"0":{"start":{"line":1,"column":0},"end":{"line":1,"column":33}},"1":{"start":{"line":2,"column":0},"end":{"line":2,"column":56}},"2":{"start":{"line":5,"column":26},"end":{"line":5,"column":40}},"3":{"start":{"line":6,"column":2},"end":{"line":19,"column":4}},"4":{"start":{"line":11,"column":23},"end":{"line":11,"column":37}},"5":{"start":{"line":4,"column":0},"end":{"line":4,"column":24}}},"fnMap":{"0":{"name":"Notification","decl":{"start":{"line":4,"column":24},"end":{"line":4,"column":36}},"loc":{"start":{"line":4,"column":95},"end":{"line":20,"column":1}}},"1":{"name":"(anonymous_1)","decl":{"start":{"line":11,"column":17},"end":{"line":11,"column":20}},"loc":{"start":{"line":11,"column":23},"end":{"line":11,"column":37}}}},"branchMap":{},"s":{"0":1,"1":1,"2":0,"3":0,"4":0,"5":1},"f":{"0":0,"1":0},"b":{}}
,"/run/media/aydin/philips/shoppingify/react/src/components/common/RecoilObserver.tsx": {"path":"/run/media/aydin/philips/shoppingify/react/src/components/common/RecoilObserver.tsx","statementMap":{"0":{"start":{"line":2,"column":0},"end":{"line":2,"column":34}},"1":{"start":{"line":3,"column":0},"end":{"line":3,"column":40}},"2":{"start":{"line":5,"column":23},"end":{"line":11,"column":1}},"3":{"start":{"line":6,"column":16},"end":{"line":6,"column":36}},"4":{"start":{"line":7,"column":2},"end":{"line":9,"column":24}},"5":{"start":{"line":8,"column":4},"end":{"line":8,"column":20}},"6":{"start":{"line":10,"column":2},"end":{"line":10,"column":14}},"7":{"start":{"line":13,"column":0},"end":{"line":13,"column":30}}},"fnMap":{"0":{"name":"(anonymous_0)","decl":{"start":{"line":5,"column":23},"end":{"line":5,"column":24}},"loc":{"start":{"line":5,"column":70},"end":{"line":11,"column":1}}},"1":{"name":"(anonymous_1)","decl":{"start":{"line":7,"column":12},"end":{"line":7,"column":15}},"loc":{"start":{"line":7,"column":17},"end":{"line":9,"column":3}}}},"branchMap":{},"s":{"0":3,"1":3,"2":3,"3":20,"4":20,"5":20,"6":20,"7":3},"f":{"0":20,"1":20},"b":{}}
,"/run/media/aydin/philips/shoppingify/react/src/components/common/TheSpinner.tsx": {"path":"/run/media/aydin/philips/shoppingify/react/src/components/common/TheSpinner.tsx","statementMap":{"0":{"start":{"line":1,"column":0},"end":{"line":1,"column":42}},"1":{"start":{"line":3,"column":19},"end":{"line":9,"column":null}},"2":{"start":{"line":4,"column":2},"end":{"line":8,"column":null}},"3":{"start":{"line":12,"column":0},"end":{"line":12,"column":26}}},"fnMap":{"0":{"name":"(anonymous_0)","decl":{"start":{"line":3,"column":19},"end":{"line":3,"column":22}},"loc":{"start":{"line":4,"column":2},"end":{"line":8,"column":null}}}},"branchMap":{},"s":{"0":3,"1":3,"2":6,"3":3},"f":{"0":6},"b":{}}
,"/run/media/aydin/philips/shoppingify/react/src/components/items/ItemList.tsx": {"path":"/run/media/aydin/philips/shoppingify/react/src/components/items/ItemList.tsx","statementMap":{"0":{"start":{"line":2,"column":0},"end":{"line":2,"column":49}},"1":{"start":{"line":3,"column":0},"end":{"line":3,"column":39}},"2":{"start":{"line":5,"column":0},"end":{"line":5,"column":73}},"3":{"start":{"line":6,"column":0},"end":{"line":6,"column":60}},"4":{"start":{"line":15,"column":42},"end":{"line":15,"column":70}},"5":{"start":{"line":16,"column":29},"end":{"line":16,"column":48}},"6":{"start":{"line":18,"column":18},"end":{"line":23,"column":3}},"7":{"start":{"line":18,"column":39},"end":{"line":23,"column":3}},"8":{"start":{"line":20,"column":4},"end":{"line":20,"column":24}},"9":{"start":{"line":21,"column":4},"end":{"line":21,"column":38}},"10":{"start":{"line":22,"column":4},"end":{"line":22,"column":35}},"11":{"start":{"line":25,"column":2},"end":{"line":47,"column":4}},"12":{"start":{"line":30,"column":10},"end":{"line":30,"column":null}},"13":{"start":{"line":14,"column":0},"end":{"line":14,"column":24}}},"fnMap":{"0":{"name":"ItemList","decl":{"start":{"line":14,"column":24},"end":{"line":14,"column":32}},"loc":{"start":{"line":14,"column":72},"end":{"line":48,"column":1}}},"1":{"name":"(anonymous_1)","decl":{"start":{"line":18,"column":18},"end":{"line":18,"column":19}},"loc":{"start":{"line":18,"column":39},"end":{"line":23,"column":3}}},"2":{"name":"(anonymous_2)","decl":{"start":{"line":18,"column":39},"end":{"line":18,"column":40}},"loc":{"start":{"line":18,"column":57},"end":{"line":23,"column":3}}},"3":{"name":"(anonymous_3)","decl":{"start":{"line":29,"column":28},"end":{"line":29,"column":29}},"loc":{"start":{"line":30,"column":10},"end":{"line":30,"column":null}}},"4":{"name":"(anonymous_4)","decl":{"start":{"line":34,"column":49},"end":{"line":34,"column":52}},"loc":{"start":{"line":34,"column":54},"end":{"line":34,"column":57}}}},"branchMap":{"0":{"loc":{"start":{"line":34,"column":23},"end":{"line":34,"column":57}},"type":"cond-expr","locations":[{"start":{"line":34,"column":33},"end":{"line":34,"column":46}},{"start":{"line":34,"column":49},"end":{"line":34,"column":57}}]}},"s":{"0":2,"1":2,"2":2,"3":2,"4":23,"5":23,"6":23,"7":132,"8":1,"9":1,"10":1,"11":23,"12":132,"13":2},"f":{"0":23,"1":132,"2":1,"3":132,"4":0},"b":{"0":[132,0]}}
,"/run/media/aydin/philips/shoppingify/react/src/components/items/Items.tsx": {"path":"/run/media/aydin/philips/shoppingify/react/src/components/items/Items.tsx","statementMap":{"0":{"start":{"line":2,"column":0},"end":{"line":2,"column":44}},"1":{"start":{"line":3,"column":0},"end":{"line":3,"column":45}},"2":{"start":{"line":4,"column":0},"end":{"line":4,"column":55}},"3":{"start":{"line":6,"column":0},"end":{"line":6,"column":68}},"4":{"start":{"line":7,"column":0},"end":{"line":7,"column":56}},"5":{"start":{"line":8,"column":0},"end":{"line":8,"column":66}},"6":{"start":{"line":9,"column":0},"end":{"line":9,"column":60}},"7":{"start":{"line":10,"column":0},"end":{"line":10,"column":49}},"8":{"start":{"line":13,"column":0},"end":{"line":13,"column":46}},"9":{"start":{"line":15,"column":0},"end":{"line":15,"column":34}},"10":{"start":{"line":16,"column":0},"end":{"line":16,"column":40}},"11":{"start":{"line":19,"column":37},"end":{"line":19,"column":53}},"12":{"start":{"line":20,"column":23},"end":{"line":20,"column":39}},"13":{"start":{"line":21,"column":30},"end":{"line":21,"column":53}},"14":{"start":{"line":22,"column":29},"end":{"line":22,"column":48}},"15":{"start":{"line":23,"column":32},"end":{"line":23,"column":46}},"16":{"start":{"line":25,"column":25},"end":{"line":25,"column":52}},"17":{"start":{"line":26,"column":22},"end":{"line":26,"column":39}},"18":{"start":{"line":29,"column":2},"end":{"line":40,"column":9}},"19":{"start":{"line":30,"column":4},"end":{"line":39,"column":null}},"20":{"start":{"line":31,"column":6},"end":{"line":36,"column":46}},"21":{"start":{"line":33,"column":10},"end":{"line":33,"column":26}},"22":{"start":{"line":35,"column":24},"end":{"line":35,"column":40}},"23":{"start":{"line":36,"column":23},"end":{"line":36,"column":44}},"24":{"start":{"line":38,"column":6},"end":{"line":38,"column":24}},"25":{"start":{"line":43,"column":4},"end":{"line":47,"column":5}},"26":{"start":{"line":44,"column":4},"end":{"line":47,"column":5}},"27":{"start":{"line":45,"column":6},"end":{"line":45,"column":28}},"28":{"start":{"line":46,"column":6},"end":{"line":46,"column":34}},"29":{"start":{"line":50,"column":29},"end":{"line":50,"column":52}},"30":{"start":{"line":52,"column":2},"end":{"line":52,"column":37}},"31":{"start":{"line":52,"column":15},"end":{"line":52,"column":37}},"32":{"start":{"line":54,"column":2},"end":{"line":73,"column":4}},"33":{"start":{"line":70,"column":8},"end":{"line":70,"column":39}},"34":{"start":{"line":18,"column":0},"end":{"line":18,"column":24}}},"fnMap":{"0":{"name":"Items","decl":{"start":{"line":18,"column":24},"end":{"line":18,"column":29}},"loc":{"start":{"line":18,"column":29},"end":{"line":74,"column":1}}},"1":{"name":"(anonymous_1)","decl":{"start":{"line":29,"column":12},"end":{"line":29,"column":15}},"loc":{"start":{"line":29,"column":17},"end":{"line":40,"column":3}}},"2":{"name":"(anonymous_2)","decl":{"start":{"line":32,"column":14},"end":{"line":32,"column":15}},"loc":{"start":{"line":32,"column":24},"end":{"line":34,"column":9}}},"3":{"name":"(anonymous_3)","decl":{"start":{"line":35,"column":15},"end":{"line":35,"column":16}},"loc":{"start":{"line":35,"column":24},"end":{"line":35,"column":40}}},"4":{"name":"(anonymous_4)","decl":{"start":{"line":36,"column":17},"end":{"line":36,"column":20}},"loc":{"start":{"line":36,"column":23},"end":{"line":36,"column":44}}},"5":{"name":"(anonymous_5)","decl":{"start":{"line":43,"column":4},"end":{"line":43,"column":5}},"loc":{"start":{"line":44,"column":4},"end":{"line":47,"column":5}}},"6":{"name":"(anonymous_6)","decl":{"start":{"line":44,"column":4},"end":{"line":44,"column":7}},"loc":{"start":{"line":44,"column":9},"end":{"line":47,"column":5}}},"7":{"name":"(anonymous_7)","decl":{"start":{"line":69,"column":34},"end":{"line":69,"column":35}},"loc":{"start":{"line":70,"column":8},"end":{"line":70,"column":39}}}},"branchMap":{"0":{"loc":{"start":{"line":30,"column":4},"end":{"line":39,"column":null}},"type":"if","locations":[{"start":{"line":30,"column":4},"end":{"line":39,"column":null}},{"start":{"line":37,"column":11},"end":{"line":39,"column":null}}]},"1":{"loc":{"start":{"line":52,"column":2},"end":{"line":52,"column":37}},"type":"if","locations":[{"start":{"line":52,"column":2},"end":{"line":52,"column":37}}]},"2":{"loc":{"start":{"line":56,"column":24},"end":{"line":56,"column":70}},"type":"cond-expr","locations":[{"start":{"line":56,"column":45},"end":{"line":56,"column":55}},{"start":{"line":56,"column":58},"end":{"line":56,"column":70}}]}},"s":{"0":1,"1":1,"2":1,"3":1,"4":1,"5":1,"6":1,"7":1,"8":1,"9":1,"10":1,"11":2,"12":2,"13":2,"14":2,"15":2,"16":2,"17":2,"18":2,"19":1,"20":1,"21":1,"22":0,"23":1,"24":0,"25":2,"26":120,"27":0,"28":0,"29":2,"30":2,"31":1,"32":1,"33":20,"34":1},"f":{"0":2,"1":1,"2":1,"3":0,"4":1,"5":120,"6":0,"7":20},"b":{"0":[1,0],"1":[1],"2":[0,1]}}
,"/run/media/aydin/philips/shoppingify/react/src/components/items/SearchItems.tsx": {"path":"/run/media/aydin/philips/shoppingify/react/src/components/items/SearchItems.tsx","statementMap":{"0":{"start":{"line":2,"column":0},"end":{"line":2,"column":52}},"1":{"start":{"line":3,"column":0},"end":{"line":3,"column":69}},"2":{"start":{"line":4,"column":0},"end":{"line":4,"column":42}},"3":{"start":{"line":6,"column":0},"end":{"line":6,"column":52}},"4":{"start":{"line":7,"column":0},"end":{"line":7,"column":66}},"5":{"start":{"line":8,"column":0},"end":{"line":8,"column":60}},"6":{"start":{"line":12,"column":30},"end":{"line":12,"column":46}},"7":{"start":{"line":13,"column":30},"end":{"line":13,"column":53}},"8":{"start":{"line":14,"column":29},"end":{"line":14,"column":48}},"9":{"start":{"line":16,"column":38},"end":{"line":16,"column":58}},"10":{"start":{"line":17,"column":38},"end":{"line":17,"column":63}},"11":{"start":{"line":19,"column":25},"end":{"line":19,"column":55}},"12":{"start":{"line":22,"column":16},"end":{"line":22,"column":40}},"13":{"start":{"line":24,"column":22},"end":{"line":27,"column":3}},"14":{"start":{"line":25,"column":20},"end":{"line":25,"column":50}},"15":{"start":{"line":26,"column":4},"end":{"line":26,"column":27}},"16":{"start":{"line":29,"column":2},"end":{"line":42,"column":19}},"17":{"start":{"line":30,"column":4},"end":{"line":32,"column":null}},"18":{"start":{"line":31,"column":6},"end":{"line":31,"column":34}},"19":{"start":{"line":33,"column":4},"end":{"line":39,"column":null}},"20":{"start":{"line":34,"column":6},"end":{"line":36,"column":14}},"21":{"start":{"line":35,"column":8},"end":{"line":35,"column":22}},"22":{"start":{"line":38,"column":6},"end":{"line":38,"column":25}},"23":{"start":{"line":41,"column":4},"end":{"line":41,"column":46}},"24":{"start":{"line":41,"column":17},"end":{"line":41,"column":45}},"25":{"start":{"line":44,"column":27},"end":{"line":48,"column":3}},"26":{"start":{"line":44,"column":48},"end":{"line":48,"column":3}},"27":{"start":{"line":45,"column":4},"end":{"line":45,"column":26}},"28":{"start":{"line":46,"column":4},"end":{"line":46,"column":32}},"29":{"start":{"line":47,"column":4},"end":{"line":47,"column":23}},"30":{"start":{"line":50,"column":27},"end":{"line":53,"column":3}},"31":{"start":{"line":51,"column":4},"end":{"line":51,"column":22}},"32":{"start":{"line":52,"column":4},"end":{"line":52,"column":22}},"33":{"start":{"line":55,"column":47},"end":{"line":60,"column":3}},"34":{"start":{"line":56,"column":4},"end":{"line":59,"column":null}},"35":{"start":{"line":57,"column":6},"end":{"line":57,"column":25}},"36":{"start":{"line":58,"column":6},"end":{"line":58,"column":37}},"37":{"start":{"line":62,"column":2},"end":{"line":94,"column":4}},"38":{"start":{"line":74,"column":27},"end":{"line":74,"column":56}},"39":{"start":{"line":82,"column":12},"end":{"line":84,"column":null}},"40":{"start":{"line":11,"column":0},"end":{"line":11,"column":24}}},"fnMap":{"0":{"name":"SearchItems","decl":{"start":{"line":11,"column":24},"end":{"line":11,"column":35}},"loc":{"start":{"line":11,"column":35},"end":{"line":95,"column":1}}},"1":{"name":"(anonymous_1)","decl":{"start":{"line":24,"column":22},"end":{"line":24,"column":25}},"loc":{"start":{"line":24,"column":27},"end":{"line":27,"column":3}}},"2":{"name":"(anonymous_2)","decl":{"start":{"line":29,"column":12},"end":{"line":29,"column":15}},"loc":{"start":{"line":29,"column":17},"end":{"line":42,"column":3}}},"3":{"name":"(anonymous_3)","decl":{"start":{"line":34,"column":33},"end":{"line":34,"column":36}},"loc":{"start":{"line":34,"column":38},"end":{"line":36,"column":7}}},"4":{"name":"(anonymous_4)","decl":{"start":{"line":41,"column":11},"end":{"line":41,"column":14}},"loc":{"start":{"line":41,"column":17},"end":{"line":41,"column":45}}},"5":{"name":"(anonymous_5)","decl":{"start":{"line":44,"column":27},"end":{"line":44,"column":28}},"loc":{"start":{"line":44,"column":48},"end":{"line":48,"column":3}}},"6":{"name":"(anonymous_6)","decl":{"start":{"line":44,"column":48},"end":{"line":44,"column":51}},"loc":{"start":{"line":44,"column":53},"end":{"line":48,"column":3}}},"7":{"name":"(anonymous_7)","decl":{"start":{"line":50,"column":27},"end":{"line":50,"column":30}},"loc":{"start":{"line":50,"column":32},"end":{"line":53,"column":3}}},"8":{"name":"(anonymous_8)","decl":{"start":{"line":55,"column":47},"end":{"line":55,"column":48}},"loc":{"start":{"line":55,"column":53},"end":{"line":60,"column":3}}},"9":{"name":"(anonymous_9)","decl":{"start":{"line":74,"column":20},"end":{"line":74,"column":21}},"loc":{"start":{"line":74,"column":27},"end":{"line":74,"column":56}}},"10":{"name":"(anonymous_10)","decl":{"start":{"line":81,"column":26},"end":{"line":81,"column":27}},"loc":{"start":{"line":82,"column":12},"end":{"line":84,"column":null}}}},"branchMap":{"0":{"loc":{"start":{"line":30,"column":4},"end":{"line":32,"column":null}},"type":"if","locations":[{"start":{"line":30,"column":4},"end":{"line":32,"column":null}}]},"1":{"loc":{"start":{"line":33,"column":4},"end":{"line":39,"column":null}},"type":"if","locations":[{"start":{"line":33,"column":4},"end":{"line":39,"column":null}},{"start":{"line":37,"column":11},"end":{"line":39,"column":null}}]},"2":{"loc":{"start":{"line":56,"column":4},"end":{"line":59,"column":null}},"type":"if","locations":[{"start":{"line":56,"column":4},"end":{"line":59,"column":null}}]}},"s":{"0":2,"1":2,"2":2,"3":2,"4":2,"5":2,"6":21,"7":21,"8":21,"9":21,"10":21,"11":21,"12":21,"13":21,"14":1,"15":1,"16":21,"17":13,"18":8,"19":13,"20":8,"21":1,"22":5,"23":13,"24":13,"25":21,"26":1,"27":0,"28":0,"29":0,"30":21,"31":8,"32":8,"33":21,"34":9,"35":1,"36":1,"37":21,"38":8,"39":1,"40":2},"f":{"0":21,"1":1,"2":13,"3":1,"4":13,"5":1,"6":0,"7":8,"8":9,"9":8,"10":1},"b":{"0":[8],"1":[8,5],"2":[1]}}
,"/run/media/aydin/philips/shoppingify/react/src/components/shoppinglist/ShoppingList.tsx": {"path":"/run/media/aydin/philips/shoppingify/react/src/components/shoppinglist/ShoppingList.tsx","statementMap":{"0":{"start":{"line":1,"column":0},"end":{"line":1,"column":44}},"1":{"start":{"line":2,"column":0},"end":{"line":2,"column":56}},"2":{"start":{"line":3,"column":0},"end":{"line":3,"column":62}},"3":{"start":{"line":4,"column":0},"end":{"line":4,"column":51}},"4":{"start":{"line":6,"column":0},"end":{"line":6,"column":65}},"5":{"start":{"line":8,"column":0},"end":{"line":8,"column":80}},"6":{"start":{"line":9,"column":0},"end":{"line":9,"column":46}},"7":{"start":{"line":13,"column":17},"end":{"line":13,"column":28}},"8":{"start":{"line":14,"column":26},"end":{"line":14,"column":70}},"9":{"start":{"line":15,"column":42},"end":{"line":15,"column":54}},"10":{"start":{"line":17,"column":2},"end":{"line":23,"column":11}},"11":{"start":{"line":18,"column":4},"end":{"line":22,"column":48}},"12":{"start":{"line":20,"column":8},"end":{"line":20,"column":49}},"13":{"start":{"line":22,"column":20},"end":{"line":22,"column":46}},"14":{"start":{"line":25,"column":2},"end":{"line":25,"column":42}},"15":{"start":{"line":25,"column":20},"end":{"line":25,"column":42}},"16":{"start":{"line":27,"column":2},"end":{"line":27,"column":51}},"17":{"start":{"line":27,"column":20},"end":{"line":27,"column":51}},"18":{"start":{"line":29,"column":2},"end":{"line":63,"column":4}},"19":{"start":{"line":42,"column":8},"end":{"line":60,"column":10}},"20":{"start":{"line":47,"column":16},"end":{"line":47,"column":null}},"21":{"start":{"line":12,"column":0},"end":{"line":12,"column":24}}},"fnMap":{"0":{"name":"ShoppingList","decl":{"start":{"line":12,"column":24},"end":{"line":12,"column":36}},"loc":{"start":{"line":12,"column":36},"end":{"line":64,"column":1}}},"1":{"name":"(anonymous_1)","decl":{"start":{"line":17,"column":12},"end":{"line":17,"column":15}},"loc":{"start":{"line":17,"column":17},"end":{"line":23,"column":3}}},"2":{"name":"(anonymous_2)","decl":{"start":{"line":19,"column":12},"end":{"line":19,"column":13}},"loc":{"start":{"line":19,"column":21},"end":{"line":21,"column":7}}},"3":{"name":"(anonymous_3)","decl":{"start":{"line":22,"column":13},"end":{"line":22,"column":14}},"loc":{"start":{"line":22,"column":20},"end":{"line":22,"column":46}}},"4":{"name":"(anonymous_4)","decl":{"start":{"line":41,"column":38},"end":{"line":41,"column":39}},"loc":{"start":{"line":41,"column":60},"end":{"line":61,"column":7}}},"5":{"name":"(anonymous_5)","decl":{"start":{"line":46,"column":25},"end":{"line":46,"column":26}},"loc":{"start":{"line":47,"column":16},"end":{"line":47,"column":null}}}},"branchMap":{"0":{"loc":{"start":{"line":25,"column":2},"end":{"line":25,"column":42}},"type":"if","locations":[{"start":{"line":25,"column":2},"end":{"line":25,"column":42}}]},"1":{"loc":{"start":{"line":27,"column":2},"end":{"line":27,"column":51}},"type":"if","locations":[{"start":{"line":27,"column":2},"end":{"line":27,"column":51}}]}},"s":{"0":1,"1":1,"2":1,"3":1,"4":1,"5":1,"6":1,"7":2,"8":2,"9":2,"10":2,"11":1,"12":1,"13":0,"14":2,"15":1,"16":1,"17":0,"18":1,"19":4,"20":4,"21":1},"f":{"0":2,"1":1,"2":1,"3":0,"4":4,"5":4},"b":{"0":[1],"1":[0]}}
,"/run/media/aydin/philips/shoppingify/react/src/components/sidebar/AddItem.tsx": {"path":"/run/media/aydin/philips/shoppingify/react/src/components/sidebar/AddItem.tsx","statementMap":{"0":{"start":{"line":2,"column":0},"end":{"line":2,"column":33}},"1":{"start":{"line":3,"column":0},"end":{"line":3,"column":54}},"2":{"start":{"line":5,"column":0},"end":{"line":5,"column":52}},"3":{"start":{"line":6,"column":0},"end":{"line":6,"column":56}},"4":{"start":{"line":7,"column":0},"end":{"line":7,"column":60}},"5":{"start":{"line":8,"column":0},"end":{"line":8,"column":45}},"6":{"start":{"line":10,"column":0},"end":{"line":10,"column":44}},"7":{"start":{"line":13,"column":29},"end":{"line":13,"column":48}},"8":{"start":{"line":14,"column":25},"end":{"line":14,"column":41}},"9":{"start":{"line":15,"column":30},"end":{"line":15,"column":47}},"10":{"start":{"line":17,"column":34},"end":{"line":17,"column":46}},"11":{"start":{"line":18,"column":26},"end":{"line":18,"column":38}},"12":{"start":{"line":19,"column":26},"end":{"line":19,"column":38}},"13":{"start":{"line":20,"column":28},"end":{"line":20,"column":40}},"14":{"start":{"line":22,"column":25},"end":{"line":24,"column":3}},"15":{"start":{"line":23,"column":4},"end":{"line":23,"column":35}},"16":{"start":{"line":26,"column":41},"end":{"line":36,"column":3}},"17":{"start":{"line":27,"column":4},"end":{"line":27,"column":23}},"18":{"start":{"line":28,"column":4},"end":{"line":28,"column":98}},"19":{"start":{"line":28,"column":28},"end":{"line":28,"column":98}},"20":{"start":{"line":29,"column":4},"end":{"line":35,"column":null}},"21":{"start":{"line":30,"column":19},"end":{"line":30,"column":61}},"22":{"start":{"line":31,"column":6},"end":{"line":31,"column":23}},"23":{"start":{"line":34,"column":6},"end":{"line":34,"column":23}},"24":{"start":{"line":38,"column":2},"end":{"line":91,"column":4}},"25":{"start":{"line":49,"column":14},"end":{"line":49,"column":38}},"26":{"start":{"line":64,"column":14},"end":{"line":64,"column":38}},"27":{"start":{"line":76,"column":14},"end":{"line":76,"column":39}},"28":{"start":{"line":12,"column":0},"end":{"line":12,"column":24}}},"fnMap":{"0":{"name":"AddItem","decl":{"start":{"line":12,"column":24},"end":{"line":12,"column":31}},"loc":{"start":{"line":12,"column":31},"end":{"line":92,"column":1}}},"1":{"name":"(anonymous_1)","decl":{"start":{"line":22,"column":25},"end":{"line":22,"column":28}},"loc":{"start":{"line":22,"column":30},"end":{"line":24,"column":3}}},"2":{"name":"(anonymous_2)","decl":{"start":{"line":26,"column":41},"end":{"line":26,"column":46}},"loc":{"start":{"line":26,"column":53},"end":{"line":36,"column":3}}},"3":{"name":"(anonymous_3)","decl":{"start":{"line":48,"column":22},"end":{"line":48,"column":23}},"loc":{"start":{"line":48,"column":28},"end":{"line":50,"column":13}}},"4":{"name":"(anonymous_4)","decl":{"start":{"line":63,"column":22},"end":{"line":63,"column":23}},"loc":{"start":{"line":63,"column":28},"end":{"line":65,"column":13}}},"5":{"name":"(anonymous_5)","decl":{"start":{"line":75,"column":22},"end":{"line":75,"column":23}},"loc":{"start":{"line":75,"column":28},"end":{"line":77,"column":13}}}},"branchMap":{"0":{"loc":{"start":{"line":28,"column":4},"end":{"line":28,"column":98}},"type":"if","locations":[{"start":{"line":28,"column":4},"end":{"line":28,"column":98}}]},"1":{"loc":{"start":{"line":28,"column":8},"end":{"line":28,"column":26}},"type":"binary-expr","locations":[{"start":{"line":28,"column":8},"end":{"line":28,"column":13}},{"start":{"line":28,"column":17},"end":{"line":28,"column":26}}]}},"s":{"0":1,"1":1,"2":1,"3":1,"4":1,"5":1,"6":1,"7":52,"8":52,"9":52,"10":52,"11":52,"12":52,"13":52,"14":52,"15":1,"16":52,"17":4,"18":4,"19":3,"20":1,"21":1,"22":0,"23":0,"24":52,"25":19,"26":0,"27":0,"28":1},"f":{"0":52,"1":1,"2":4,"3":19,"4":0,"5":0},"b":{"0":[3],"1":[4,2]}}
,"/run/media/aydin/philips/shoppingify/react/src/components/sidebar/CategoryInput.tsx": {"path":"/run/media/aydin/philips/shoppingify/react/src/components/sidebar/CategoryInput.tsx","statementMap":{"0":{"start":{"line":2,"column":0},"end":{"line":2,"column":33}},"1":{"start":{"line":3,"column":0},"end":{"line":3,"column":50}},"2":{"start":{"line":5,"column":0},"end":{"line":5,"column":52}},"3":{"start":{"line":12,"column":25},"end":{"line":12,"column":41}},"4":{"start":{"line":14,"column":38},"end":{"line":14,"column":50}},"5":{"start":{"line":15,"column":34},"end":{"line":15,"column":49}},"6":{"start":{"line":17,"column":25},"end":{"line":21,"column":3}},"7":{"start":{"line":18,"column":4},"end":{"line":18,"column":22}},"8":{"start":{"line":19,"column":4},"end":{"line":19,"column":24}},"9":{"start":{"line":20,"column":4},"end":{"line":20,"column":23}},"10":{"start":{"line":23,"column":2},"end":{"line":49,"column":4}},"11":{"start":{"line":32,"column":12},"end":{"line":32,"column":42}},"12":{"start":{"line":33,"column":12},"end":{"line":33,"column":40}},"13":{"start":{"line":34,"column":12},"end":{"line":34,"column":30}},"14":{"start":{"line":36,"column":25},"end":{"line":36,"column":42}},"15":{"start":{"line":37,"column":24},"end":{"line":37,"column":54}},"16":{"start":{"line":38,"column":26},"end":{"line":38,"column":66}},"17":{"start":{"line":7,"column":0},"end":{"line":7,"column":24}},"18":{"start":{"line":61,"column":44},"end":{"line":65,"column":3}},"19":{"start":{"line":62,"column":4},"end":{"line":62,"column":23}},"20":{"start":{"line":63,"column":19},"end":{"line":63,"column":48}},"21":{"start":{"line":64,"column":4},"end":{"line":64,"column":49}},"22":{"start":{"line":64,"column":16},"end":{"line":64,"column":49}},"23":{"start":{"line":67,"column":29},"end":{"line":69,"column":8}},"24":{"start":{"line":68,"column":33},"end":{"line":68,"column":75}},"25":{"start":{"line":70,"column":2},"end":{"line":78,"column":4}},"26":{"start":{"line":73,"column":8},"end":{"line":73,"column":34}}},"fnMap":{"0":{"name":"CategoryInput","decl":{"start":{"line":7,"column":24},"end":{"line":7,"column":37}},"loc":{"start":{"line":11,"column":1},"end":{"line":50,"column":1}}},"1":{"name":"(anonymous_1)","decl":{"start":{"line":17,"column":25},"end":{"line":17,"column":26}},"loc":{"start":{"line":17,"column":42},"end":{"line":21,"column":3}}},"2":{"name":"(anonymous_2)","decl":{"start":{"line":31,"column":20},"end":{"line":31,"column":21}},"loc":{"start":{"line":31,"column":26},"end":{"line":35,"column":11}}},"3":{"name":"(anonymous_3)","decl":{"start":{"line":36,"column":19},"end":{"line":36,"column":22}},"loc":{"start":{"line":36,"column":25},"end":{"line":36,"column":42}}},"4":{"name":"(anonymous_4)","decl":{"start":{"line":37,"column":18},"end":{"line":37,"column":21}},"loc":{"start":{"line":37,"column":24},"end":{"line":37,"column":54}}},"5":{"name":"(anonymous_5)","decl":{"start":{"line":38,"column":19},"end":{"line":38,"column":20}},"loc":{"start":{"line":38,"column":26},"end":{"line":38,"column":66}}},"6":{"name":"CategoryList","decl":{"start":{"line":52,"column":9},"end":{"line":52,"column":21}},"loc":{"start":{"line":60,"column":1},"end":{"line":79,"column":1}}},"7":{"name":"(anonymous_7)","decl":{"start":{"line":61,"column":44},"end":{"line":61,"column":45}},"loc":{"start":{"line":61,"column":50},"end":{"line":65,"column":3}}},"8":{"name":"(anonymous_8)","decl":{"start":{"line":68,"column":24},"end":{"line":68,"column":25}},"loc":{"start":{"line":68,"column":33},"end":{"line":68,"column":75}}},"9":{"name":"(anonymous_9)","decl":{"start":{"line":72,"column":30},"end":{"line":72,"column":31}},"loc":{"start":{"line":73,"column":8},"end":{"line":73,"column":34}}}},"branchMap":{"0":{"loc":{"start":{"line":37,"column":24},"end":{"line":37,"column":54}},"type":"binary-expr","locations":[{"start":{"line":37,"column":24},"end":{"line":37,"column":33}},{"start":{"line":37,"column":37},"end":{"line":37,"column":54}}]},"1":{"loc":{"start":{"line":38,"column":26},"end":{"line":38,"column":66}},"type":"binary-expr","locations":[{"start":{"line":38,"column":26},"end":{"line":38,"column":44}},{"start":{"line":38,"column":48},"end":{"line":38,"column":66}}]},"2":{"loc":{"start":{"line":41,"column":7},"end":{"line":46,"column":null}},"type":"binary-expr","locations":[{"start":{"line":41,"column":7},"end":{"line":41,"column":15}},{"start":{"line":42,"column":8},"end":{"line":45,"column":null}}]},"3":{"loc":{"start":{"line":64,"column":4},"end":{"line":64,"column":49}},"type":"if","locations":[{"start":{"line":64,"column":4},"end":{"line":64,"column":49}}]},"4":{"loc":{"start":{"line":67,"column":29},"end":{"line":69,"column":8}},"type":"cond-expr","locations":[{"start":{"line":68,"column":6},"end":{"line":68,"column":76}},{"start":{"line":69,"column":6},"end":{"line":69,"column":8}}]}},"s":{"0":1,"1":1,"2":1,"3":54,"4":54,"5":54,"6":54,"7":0,"8":0,"9":0,"10":54,"11":26,"12":26,"13":26,"14":2,"15":2,"16":26,"17":1,"18":29,"19":0,"20":0,"21":0,"22":0,"23":29,"24":0,"25":29,"26":0},"f":{"0":54,"1":0,"2":26,"3":2,"4":2,"5":26,"6":29,"7":0,"8":0,"9":0},"b":{"0":[2,0],"1":[26,0],"2":[54,29],"3":[0],"4":[27,2]}}
,"/run/media/aydin/philips/shoppingify/react/src/components/stats/TopBars.tsx": {"path":"/run/media/aydin/philips/shoppingify/react/src/components/stats/TopBars.tsx","statementMap":{"0":{"start":{"line":1,"column":0},"end":{"line":1,"column":43}},"1":{"start":{"line":2,"column":0},"end":{"line":2,"column":53}},"2":{"start":{"line":4,"column":0},"end":{"line":4,"column":42}},"3":{"start":{"line":6,"column":0},"end":{"line":6,"column":46}},"4":{"start":{"line":16,"column":24},"end":{"line":16,"column":85}},"5":{"start":{"line":18,"column":2},"end":{"line":20,"column":9}},"6":{"start":{"line":19,"column":4},"end":{"line":19,"column":29}},"7":{"start":{"line":22,"column":16},"end":{"line":30,"column":12}},"8":{"start":{"line":23,"column":12},"end":{"line":23,"column":13}},"9":{"start":{"line":24,"column":4},"end":{"line":28,"column":null}},"10":{"start":{"line":25,"column":6},"end":{"line":27,"column":null}},"11":{"start":{"line":26,"column":8},"end":{"line":26,"column":25}},"12":{"start":{"line":29,"column":4},"end":{"line":29,"column":13}},"13":{"start":{"line":32,"column":20},"end":{"line":35,"column":12}},"14":{"start":{"line":33,"column":4},"end":{"line":33,"column":33}},"15":{"start":{"line":33,"column":23},"end":{"line":33,"column":33}},"16":{"start":{"line":34,"column":4},"end":{"line":34,"column":34}},"17":{"start":{"line":37,"column":2},"end":{"line":37,"column":45}},"18":{"start":{"line":37,"column":23},"end":{"line":37,"column":45}},"19":{"start":{"line":39,"column":2},"end":{"line":60,"column":4}},"20":{"start":{"line":43,"column":27},"end":{"line":43,"column":54}},"21":{"start":{"line":44,"column":8},"end":{"line":57,"column":10}},"22":{"start":{"line":15,"column":0},"end":{"line":15,"column":24}}},"fnMap":{"0":{"name":"TopBars","decl":{"start":{"line":15,"column":24},"end":{"line":15,"column":31}},"loc":{"start":{"line":15,"column":88},"end":{"line":61,"column":1}}},"1":{"name":"(anonymous_1)","decl":{"start":{"line":18,"column":12},"end":{"line":18,"column":15}},"loc":{"start":{"line":18,"column":17},"end":{"line":20,"column":3}}},"2":{"name":"(anonymous_2)","decl":{"start":{"line":22,"column":24},"end":{"line":22,"column":27}},"loc":{"start":{"line":22,"column":29},"end":{"line":30,"column":3}}},"3":{"name":"(anonymous_3)","decl":{"start":{"line":32,"column":28},"end":{"line":32,"column":31}},"loc":{"start":{"line":32,"column":33},"end":{"line":35,"column":3}}},"4":{"name":"(anonymous_4)","decl":{"start":{"line":42,"column":21},"end":{"line":42,"column":22}},"loc":{"start":{"line":42,"column":30},"end":{"line":58,"column":7}}}},"branchMap":{"0":{"loc":{"start":{"line":15,"column":61},"end":{"line":15,"column":72}},"type":"default-arg","locations":[{"start":{"line":15,"column":71},"end":{"line":15,"column":72}}]},"1":{"loc":{"start":{"line":24,"column":4},"end":{"line":28,"column":null}},"type":"if","locations":[{"start":{"line":24,"column":4},"end":{"line":28,"column":null}}]},"2":{"loc":{"start":{"line":33,"column":4},"end":{"line":33,"column":33}},"type":"if","locations":[{"start":{"line":33,"column":4},"end":{"line":33,"column":33}}]},"3":{"loc":{"start":{"line":37,"column":2},"end":{"line":37,"column":45}},"type":"if","locations":[{"start":{"line":37,"column":2},"end":{"line":37,"column":45}}]},"4":{"loc":{"start":{"line":37,"column":6},"end":{"line":37,"column":21}},"type":"binary-expr","locations":[{"start":{"line":37,"column":6},"end":{"line":37,"column":11}},{"start":{"line":37,"column":15},"end":{"line":37,"column":21}}]}},"s":{"0":1,"1":1,"2":1,"3":1,"4":6,"5":6,"6":2,"7":6,"8":4,"9":4,"10":2,"11":8,"12":4,"13":6,"14":4,"15":2,"16":2,"17":6,"18":4,"19":2,"20":6,"21":6,"22":1},"f":{"0":6,"1":2,"2":4,"3":4,"4":6},"b":{"0":[6],"1":[2],"2":[2],"3":[4],"4":[6,2]}}
,"/run/media/aydin/philips/shoppingify/react/src/hooks/useActiveShoppingList.ts": {"path":"/run/media/aydin/philips/shoppingify/react/src/hooks/useActiveShoppingList.ts","statementMap":{"0":{"start":{"line":1,"column":0},"end":{"line":1,"column":40}},"1":{"start":{"line":3,"column":0},"end":{"line":3,"column":71}},"2":{"start":{"line":12,"column":54},"end":{"line":12,"column":93}},"3":{"start":{"line":14,"column":32},"end":{"line":18,"column":3}},"4":{"start":{"line":15,"column":4},"end":{"line":17,"column":6}},"5":{"start":{"line":16,"column":13},"end":{"line":16,"column":44}},"6":{"start":{"line":20,"column":38},"end":{"line":24,"column":3}},"7":{"start":{"line":21,"column":30},"end":{"line":21,"column":57}},"8":{"start":{"line":22,"column":4},"end":{"line":22,"column":39}},"9":{"start":{"line":22,"column":32},"end":{"line":22,"column":39}},"10":{"start":{"line":23,"column":4},"end":{"line":23,"column":69}},"11":{"start":{"line":26,"column":43},"end":{"line":28,"column":3}},"12":{"start":{"line":27,"column":4},"end":{"line":27,"column":52}},"13":{"start":{"line":30,"column":29},"end":{"line":36,"column":3}},"14":{"start":{"line":35,"column":4},"end":{"line":35,"column":68}},"15":{"start":{"line":38,"column":25},"end":{"line":39,"column":54}},"16":{"start":{"line":39,"column":4},"end":{"line":39,"column":54}},"17":{"start":{"line":41,"column":39},"end":{"line":42,"column":48}},"18":{"start":{"line":42,"column":4},"end":{"line":42,"column":48}},"19":{"start":{"line":44,"column":39},"end":{"line":44,"column":93}},"20":{"start":{"line":44,"column":45},"end":{"line":44,"column":93}},"21":{"start":{"line":46,"column":2},"end":{"line":55,"column":4}},"22":{"start":{"line":11,"column":0},"end":{"line":11,"column":24}},"23":{"start":{"line":60,"column":2},"end":{"line":70,"column":4}},"24":{"start":{"line":61,"column":25},"end":{"line":61,"column":48}},"25":{"start":{"line":62,"column":41},"end":{"line":62,"column":78}},"26":{"start":{"line":63,"column":4},"end":{"line":69,"column":6}},"27":{"start":{"line":74,"column":2},"end":{"line":82,"column":4}},"28":{"start":{"line":75,"column":32},"end":{"line":75,"column":71}},"29":{"start":{"line":76,"column":4},"end":{"line":79,"column":null}},"30":{"start":{"line":77,"column":20},"end":{"line":77,"column":76}},"31":{"start":{"line":77,"column":58},"end":{"line":77,"column":75}},"32":{"start":{"line":78,"column":6},"end":{"line":78,"column":60}},"33":{"start":{"line":78,"column":22},"end":{"line":78,"column":60}},"34":{"start":{"line":81,"column":4},"end":{"line":81,"column":16}},"35":{"start":{"line":86,"column":2},"end":{"line":95,"column":4}},"36":{"start":{"line":87,"column":17},"end":{"line":87,"column":56}},"37":{"start":{"line":88,"column":17},"end":{"line":88,"column":44}},"38":{"start":{"line":89,"column":4},"end":{"line":93,"column":null}},"39":{"start":{"line":90,"column":6},"end":{"line":90,"column":20}},"40":{"start":{"line":91,"column":11},"end":{"line":93,"column":null}},"41":{"start":{"line":92,"column":6},"end":{"line":92,"column":20}},"42":{"start":{"line":94,"column":4},"end":{"line":94,"column":16}},"43":{"start":{"line":99,"column":2},"end":{"line":104,"column":4}},"44":{"start":{"line":100,"column":17},"end":{"line":100,"column":56}},"45":{"start":{"line":101,"column":17},"end":{"line":101,"column":44}},"46":{"start":{"line":102,"column":4},"end":{"line":102,"column":27}},"47":{"start":{"line":103,"column":4},"end":{"line":103,"column":16}},"48":{"start":{"line":109,"column":2},"end":{"line":109,"column":79}},"49":{"start":{"line":109,"column":42},"end":{"line":109,"column":77}},"50":{"start":{"line":113,"column":2},"end":{"line":113,"column":73}}},"fnMap":{"0":{"name":"useActiveShoppingListState","decl":{"start":{"line":11,"column":24},"end":{"line":11,"column":50}},"loc":{"start":{"line":11,"column":50},"end":{"line":56,"column":1}}},"1":{"name":"(anonymous_1)","decl":{"start":{"line":14,"column":32},"end":{"line":14,"column":33}},"loc":{"start":{"line":14,"column":60},"end":{"line":18,"column":3}}},"2":{"name":"(anonymous_2)","decl":{"start":{"line":16,"column":6},"end":{"line":16,"column":7}},"loc":{"start":{"line":16,"column":13},"end":{"line":16,"column":44}}},"3":{"name":"(anonymous_3)","decl":{"start":{"line":20,"column":38},"end":{"line":20,"column":39}},"loc":{"start":{"line":20,"column":58},"end":{"line":24,"column":3}}},"4":{"name":"(anonymous_4)","decl":{"start":{"line":26,"column":43},"end":{"line":26,"column":44}},"loc":{"start":{"line":26,"column":76},"end":{"line":28,"column":3}}},"5":{"name":"(anonymous_5)","decl":{"start":{"line":30,"column":29},"end":{"line":30,"column":null}},"loc":{"start":{"line":34,"column":6},"end":{"line":36,"column":3}}},"6":{"name":"(anonymous_6)","decl":{"start":{"line":38,"column":25},"end":{"line":38,"column":26}},"loc":{"start":{"line":39,"column":4},"end":{"line":39,"column":54}}},"7":{"name":"(anonymous_7)","decl":{"start":{"line":41,"column":39},"end":{"line":41,"column":40}},"loc":{"start":{"line":42,"column":4},"end":{"line":42,"column":48}}},"8":{"name":"(anonymous_8)","decl":{"start":{"line":44,"column":39},"end":{"line":44,"column":42}},"loc":{"start":{"line":44,"column":45},"end":{"line":44,"column":93}}},"9":{"name":"addItem","decl":{"start":{"line":59,"column":9},"end":{"line":59,"column":16}},"loc":{"start":{"line":59,"column":40},"end":{"line":71,"column":1}}},"10":{"name":"(anonymous_10)","decl":{"start":{"line":60,"column":9},"end":{"line":60,"column":10}},"loc":{"start":{"line":60,"column":40},"end":{"line":70,"column":3}}},"11":{"name":"removeItem","decl":{"start":{"line":73,"column":9},"end":{"line":73,"column":19}},"loc":{"start":{"line":73,"column":48},"end":{"line":83,"column":1}}},"12":{"name":"(anonymous_12)","decl":{"start":{"line":74,"column":9},"end":{"line":74,"column":10}},"loc":{"start":{"line":74,"column":40},"end":{"line":82,"column":3}}},"13":{"name":"(anonymous_13)","decl":{"start":{"line":77,"column":51},"end":{"line":77,"column":52}},"loc":{"start":{"line":77,"column":58},"end":{"line":77,"column":75}}},"14":{"name":"changeAmount","decl":{"start":{"line":85,"column":9},"end":{"line":85,"column":21}},"loc":{"start":{"line":85,"column":89},"end":{"line":96,"column":1}}},"15":{"name":"(anonymous_15)","decl":{"start":{"line":86,"column":9},"end":{"line":86,"column":10}},"loc":{"start":{"line":86,"column":40},"end":{"line":95,"column":3}}},"16":{"name":"toggleDone","decl":{"start":{"line":98,"column":9},"end":{"line":98,"column":19}},"loc":{"start":{"line":98,"column":51},"end":{"line":105,"column":1}}},"17":{"name":"(anonymous_17)","decl":{"start":{"line":99,"column":9},"end":{"line":99,"column":10}},"loc":{"start":{"line":99,"column":40},"end":{"line":104,"column":3}}},"18":{"name":"updateListInfo","decl":{"start":{"line":108,"column":9},"end":{"line":108,"column":23}},"loc":{"start":{"line":108,"column":61},"end":{"line":110,"column":1}}},"19":{"name":"(anonymous_19)","decl":{"start":{"line":109,"column":9},"end":{"line":109,"column":10}},"loc":{"start":{"line":109,"column":42},"end":{"line":109,"column":77}}},"20":{"name":"resetActiveShoppingList","decl":{"start":{"line":112,"column":9},"end":{"line":112,"column":32}},"loc":{"start":{"line":112,"column":32},"end":{"line":114,"column":1}}}},"branchMap":{"0":{"loc":{"start":{"line":22,"column":4},"end":{"line":22,"column":39}},"type":"if","locations":[{"start":{"line":22,"column":4},"end":{"line":22,"column":39}}]},"1":{"loc":{"start":{"line":62,"column":41},"end":{"line":62,"column":78}},"type":"binary-expr","locations":[{"start":{"line":62,"column":41},"end":{"line":62,"column":72}},{"start":{"line":62,"column":76},"end":{"line":62,"column":78}}]},"2":{"loc":{"start":{"line":76,"column":4},"end":{"line":79,"column":null}},"type":"if","locations":[{"start":{"line":76,"column":4},"end":{"line":79,"column":null}}]},"3":{"loc":{"start":{"line":78,"column":6},"end":{"line":78,"column":60}},"type":"if","locations":[{"start":{"line":78,"column":6},"end":{"line":78,"column":60}}]},"4":{"loc":{"start":{"line":89,"column":4},"end":{"line":93,"column":null}},"type":"if","locations":[{"start":{"line":89,"column":4},"end":{"line":93,"column":null}},{"start":{"line":91,"column":11},"end":{"line":93,"column":null}}]},"5":{"loc":{"start":{"line":89,"column":8},"end":{"line":89,"column":51}},"type":"binary-expr","locations":[{"start":{"line":89,"column":8},"end":{"line":89,"column":32}},{"start":{"line":89,"column":36},"end":{"line":89,"column":51}}]},"6":{"loc":{"start":{"line":91,"column":11},"end":{"line":93,"column":null}},"type":"if","locations":[{"start":{"line":91,"column":11},"end":{"line":93,"column":null}}]}},"s":{"0":2,"1":2,"2":23,"3":23,"4":1,"5":0,"6":23,"7":1,"8":1,"9":0,"10":1,"11":23,"12":0,"13":23,"14":0,"15":23,"16":0,"17":23,"18":0,"19":23,"20":0,"21":23,"22":2,"23":1,"24":1,"25":1,"26":1,"27":0,"28":0,"29":0,"30":0,"31":0,"32":0,"33":0,"34":0,"35":0,"36":0,"37":0,"38":0,"39":0,"40":0,"41":0,"42":0,"43":0,"44":0,"45":0,"46":0,"47":0,"48":0,"49":0,"50":0},"f":{"0":23,"1":1,"2":0,"3":1,"4":0,"5":0,"6":0,"7":0,"8":0,"9":1,"10":1,"11":0,"12":0,"13":0,"14":0,"15":0,"16":0,"17":0,"18":0,"19":0,"20":0},"b":{"0":[0],"1":[1,1],"2":[0],"3":[0],"4":[0,0],"5":[0,0],"6":[0]}}
,"/run/media/aydin/philips/shoppingify/react/src/hooks/useAsync.ts": {"path":"/run/media/aydin/philips/shoppingify/react/src/hooks/useAsync.ts","statementMap":{"0":{"start":{"line":1,"column":0},"end":{"line":1,"column":56}},"1":{"start":{"line":3,"column":0},"end":{"line":3,"column":56}},"2":{"start":{"line":14,"column":41},"end":{"line":14,"column":84}},"3":{"start":{"line":17,"column":26},"end":{"line":20,"column":4}},"4":{"start":{"line":21,"column":46},"end":{"line":23,"column":56}},"5":{"start":{"line":23,"column":15},"end":{"line":23,"column":29}},"6":{"start":{"line":25,"column":23},"end":{"line":25,"column":48}},"7":{"start":{"line":27,"column":18},"end":{"line":27,"column":99}},"8":{"start":{"line":27,"column":40},"end":{"line":27,"column":82}},"9":{"start":{"line":28,"column":19},"end":{"line":30,"column":null}},"10":{"start":{"line":29,"column":15},"end":{"line":29,"column":58}},"11":{"start":{"line":32,"column":16},"end":{"line":32,"column":88}},"12":{"start":{"line":32,"column":34},"end":{"line":32,"column":71}},"13":{"start":{"line":34,"column":45},"end":{"line":53,"column":null}},"14":{"start":{"line":36,"column":6},"end":{"line":40,"column":null}},"15":{"start":{"line":37,"column":8},"end":{"line":39,"column":10}},"16":{"start":{"line":41,"column":6},"end":{"line":41,"column":42}},"17":{"start":{"line":42,"column":6},"end":{"line":51,"column":8}},"18":{"start":{"line":44,"column":10},"end":{"line":44,"column":24}},"19":{"start":{"line":45,"column":10},"end":{"line":45,"column":22}},"20":{"start":{"line":48,"column":10},"end":{"line":48,"column":26}},"21":{"start":{"line":49,"column":10},"end":{"line":49,"column":39}},"22":{"start":{"line":56,"column":2},"end":{"line":69,"column":4}},"23":{"start":{"line":16,"column":0},"end":{"line":16,"column":24}}},"fnMap":{"0":{"name":"useAsync","decl":{"start":{"line":16,"column":24},"end":{"line":16,"column":32}},"loc":{"start":{"line":16,"column":58},"end":{"line":70,"column":1}}},"1":{"name":"(anonymous_1)","decl":{"start":{"line":23,"column":4},"end":{"line":23,"column":5}},"loc":{"start":{"line":23,"column":15},"end":{"line":23,"column":29}}},"2":{"name":"(anonymous_2)","decl":{"start":{"line":27,"column":30},"end":{"line":27,"column":31}},"loc":{"start":{"line":27,"column":40},"end":{"line":27,"column":82}}},"3":{"name":"(anonymous_3)","decl":{"start":{"line":29,"column":4},"end":{"line":29,"column":5}},"loc":{"start":{"line":29,"column":15},"end":{"line":29,"column":58}}},"4":{"name":"(anonymous_4)","decl":{"start":{"line":32,"column":28},"end":{"line":32,"column":31}},"loc":{"start":{"line":32,"column":34},"end":{"line":32,"column":71}}},"5":{"name":"(anonymous_5)","decl":{"start":{"line":35,"column":4},"end":{"line":35,"column":5}},"loc":{"start":{"line":35,"column":16},"end":{"line":52,"column":5}}},"6":{"name":"(anonymous_6)","decl":{"start":{"line":43,"column":8},"end":{"line":43,"column":9}},"loc":{"start":{"line":43,"column":17},"end":{"line":46,"column":9}}},"7":{"name":"(anonymous_7)","decl":{"start":{"line":47,"column":8},"end":{"line":47,"column":9}},"loc":{"start":{"line":47,"column":18},"end":{"line":50,"column":9}}}},"branchMap":{"0":{"loc":{"start":{"line":36,"column":6},"end":{"line":40,"column":null}},"type":"if","locations":[{"start":{"line":36,"column":6},"end":{"line":40,"column":null}}]},"1":{"loc":{"start":{"line":36,"column":10},"end":{"line":36,"column":35}},"type":"binary-expr","locations":[{"start":{"line":36,"column":10},"end":{"line":36,"column":18}},{"start":{"line":36,"column":22},"end":{"line":36,"column":35}}]}},"s":{"0":1,"1":1,"2":1,"3":6,"4":6,"5":6,"6":6,"7":6,"8":2,"9":6,"10":0,"11":6,"12":0,"13":6,"14":2,"15":0,"16":2,"17":2,"18":2,"19":2,"20":0,"21":0,"22":6,"23":1},"f":{"0":6,"1":6,"2":2,"3":0,"4":0,"5":2,"6":2,"7":0},"b":{"0":[0],"1":[2,2]}}
,"/run/media/aydin/philips/shoppingify/react/src/hooks/useItems.ts": {"path":"/run/media/aydin/philips/shoppingify/react/src/hooks/useItems.ts","statementMap":{"0":{"start":{"line":1,"column":0},"end":{"line":1,"column":59}},"1":{"start":{"line":3,"column":0},"end":{"line":3,"column":91}},"2":{"start":{"line":7,"column":19},"end":{"line":7,"column":48}},"3":{"start":{"line":9,"column":19},"end":{"line":9,"column":58}},"4":{"start":{"line":9,"column":43},"end":{"line":9,"column":58}},"5":{"start":{"line":11,"column":21},"end":{"line":11,"column":77}},"6":{"start":{"line":11,"column":42},"end":{"line":11,"column":77}},"7":{"start":{"line":11,"column":61},"end":{"line":11,"column":76}},"8":{"start":{"line":13,"column":21},"end":{"line":13,"column":70}},"9":{"start":{"line":13,"column":37},"end":{"line":13,"column":70}},"10":{"start":{"line":15,"column":2},"end":{"line":15,"column":46}},"11":{"start":{"line":6,"column":0},"end":{"line":6,"column":16}},"12":{"start":{"line":19,"column":16},"end":{"line":19,"column":42}},"13":{"start":{"line":20,"column":49},"end":{"line":20,"column":88}},"14":{"start":{"line":22,"column":26},"end":{"line":31,"column":3}},"15":{"start":{"line":23,"column":33},"end":{"line":23,"column":35}},"16":{"start":{"line":24,"column":4},"end":{"line":29,"column":null}},"17":{"start":{"line":25,"column":6},"end":{"line":27,"column":null}},"18":{"start":{"line":26,"column":8},"end":{"line":26,"column":24}},"19":{"start":{"line":28,"column":6},"end":{"line":28,"column":43}},"20":{"start":{"line":28,"column":37},"end":{"line":28,"column":43}},"21":{"start":{"line":30,"column":4},"end":{"line":30,"column":19}},"22":{"start":{"line":33,"column":2},"end":{"line":33,"column":72}},"23":{"start":{"line":18,"column":0},"end":{"line":18,"column":16}}},"fnMap":{"0":{"name":"useItemsSetter","decl":{"start":{"line":6,"column":16},"end":{"line":6,"column":30}},"loc":{"start":{"line":6,"column":30},"end":{"line":16,"column":1}}},"1":{"name":"(anonymous_1)","decl":{"start":{"line":9,"column":19},"end":{"line":9,"column":20}},"loc":{"start":{"line":9,"column":43},"end":{"line":9,"column":58}}},"2":{"name":"(anonymous_2)","decl":{"start":{"line":11,"column":21},"end":{"line":11,"column":22}},"loc":{"start":{"line":11,"column":42},"end":{"line":11,"column":77}}},"3":{"name":"(anonymous_3)","decl":{"start":{"line":11,"column":51},"end":{"line":11,"column":52}},"loc":{"start":{"line":11,"column":61},"end":{"line":11,"column":76}}},"4":{"name":"(anonymous_4)","decl":{"start":{"line":13,"column":21},"end":{"line":13,"column":22}},"loc":{"start":{"line":13,"column":37},"end":{"line":13,"column":70}}},"5":{"name":"useItemsGetter","decl":{"start":{"line":18,"column":16},"end":{"line":18,"column":30}},"loc":{"start":{"line":18,"column":30},"end":{"line":34,"column":1}}},"6":{"name":"(anonymous_6)","decl":{"start":{"line":22,"column":26},"end":{"line":22,"column":27}},"loc":{"start":{"line":22,"column":66},"end":{"line":31,"column":3}}}},"branchMap":{"0":{"loc":{"start":{"line":25,"column":6},"end":{"line":27,"column":null}},"type":"if","locations":[{"start":{"line":25,"column":6},"end":{"line":27,"column":null}}]},"1":{"loc":{"start":{"line":28,"column":6},"end":{"line":28,"column":43}},"type":"if","locations":[{"start":{"line":28,"column":6},"end":{"line":28,"column":43}}]}},"s":{"0":3,"1":3,"2":56,"3":56,"4":3,"5":56,"6":0,"7":0,"8":56,"9":0,"10":56,"11":3,"12":77,"13":77,"14":77,"15":1,"16":1,"17":120,"18":1,"19":120,"20":0,"21":1,"22":77,"23":3},"f":{"0":56,"1":3,"2":0,"3":0,"4":0,"5":77,"6":1},"b":{"0":[1],"1":[0]}}
,"/run/media/aydin/philips/shoppingify/react/src/hooks/useNotification.ts": {"path":"/run/media/aydin/philips/shoppingify/react/src/hooks/useNotification.ts","statementMap":{"0":{"start":{"line":1,"column":0},"end":{"line":1,"column":49}},"1":{"start":{"line":2,"column":0},"end":{"line":2,"column":40}},"2":{"start":{"line":4,"column":0},"end":{"line":4,"column":59}},"3":{"start":{"line":7,"column":0},"end":{"line":7,"column":61}},"4":{"start":{"line":10,"column":28},"end":{"line":10,"column":61}},"5":{"start":{"line":12,"column":26},"end":{"line":13,"column":51}},"6":{"start":{"line":13,"column":4},"end":{"line":13,"column":51}},"7":{"start":{"line":13,"column":25},"end":{"line":13,"column":49}},"8":{"start":{"line":15,"column":2},"end":{"line":25,"column":22}},"9":{"start":{"line":17,"column":4},"end":{"line":21,"column":null}},"10":{"start":{"line":18,"column":6},"end":{"line":20,"column":15}},"11":{"start":{"line":19,"column":8},"end":{"line":19,"column":41}},"12":{"start":{"line":22,"column":4},"end":{"line":24,"column":6}},"13":{"start":{"line":23,"column":6},"end":{"line":23,"column":26}},"14":{"start":{"line":27,"column":30},"end":{"line":30,"column":12}},"15":{"start":{"line":28,"column":4},"end":{"line":30,"column":12}},"16":{"start":{"line":32,"column":2},"end":{"line":32,"column":50}},"17":{"start":{"line":9,"column":0},"end":{"line":9,"column":24}}},"fnMap":{"0":{"name":"useNotification","decl":{"start":{"line":9,"column":24},"end":{"line":9,"column":39}},"loc":{"start":{"line":9,"column":39},"end":{"line":33,"column":1}}},"1":{"name":"(anonymous_1)","decl":{"start":{"line":12,"column":26},"end":{"line":12,"column":27}},"loc":{"start":{"line":13,"column":4},"end":{"line":13,"column":51}}},"2":{"name":"(anonymous_2)","decl":{"start":{"line":13,"column":13},"end":{"line":13,"column":14}},"loc":{"start":{"line":13,"column":25},"end":{"line":13,"column":49}}},"3":{"name":"(anonymous_3)","decl":{"start":{"line":15,"column":12},"end":{"line":15,"column":15}},"loc":{"start":{"line":15,"column":17},"end":{"line":25,"column":3}}},"4":{"name":"(anonymous_4)","decl":{"start":{"line":18,"column":25},"end":{"line":18,"column":28}},"loc":{"start":{"line":18,"column":30},"end":{"line":20,"column":7}}},"5":{"name":"(anonymous_5)","decl":{"start":{"line":22,"column":11},"end":{"line":22,"column":14}},"loc":{"start":{"line":22,"column":16},"end":{"line":24,"column":5}}},"6":{"name":"(anonymous_6)","decl":{"start":{"line":27,"column":30},"end":{"line":27,"column":33}},"loc":{"start":{"line":28,"column":4},"end":{"line":30,"column":12}}}},"branchMap":{"0":{"loc":{"start":{"line":17,"column":4},"end":{"line":21,"column":null}},"type":"if","locations":[{"start":{"line":17,"column":4},"end":{"line":21,"column":null}}]},"1":{"loc":{"start":{"line":28,"column":4},"end":{"line":30,"column":12}},"type":"cond-expr","locations":[{"start":{"line":29,"column":8},"end":{"line":29,"column":87}},{"start":{"line":30,"column":8},"end":{"line":30,"column":12}}]}},"s":{"0":1,"1":1,"2":1,"3":1,"4":52,"5":52,"6":3,"7":3,"8":52,"9":4,"10":1,"11":0,"12":4,"13":3,"14":52,"15":0,"16":52,"17":1},"f":{"0":52,"1":3,"2":3,"3":4,"4":0,"5":3,"6":0},"b":{"0":[1],"1":[0,0]}}
,"/run/media/aydin/philips/shoppingify/react/src/hooks/useSafeDispatch.ts": {"path":"/run/media/aydin/philips/shoppingify/react/src/hooks/useSafeDispatch.ts","statementMap":{"0":{"start":{"line":1,"column":0},"end":{"line":1,"column":61}},"1":{"start":{"line":5,"column":18},"end":{"line":5,"column":31}},"2":{"start":{"line":6,"column":2},"end":{"line":11,"column":9}},"3":{"start":{"line":7,"column":4},"end":{"line":7,"column":27}},"4":{"start":{"line":8,"column":4},"end":{"line":10,"column":6}},"5":{"start":{"line":9,"column":6},"end":{"line":9,"column":30}},"6":{"start":{"line":12,"column":2},"end":{"line":12,"column":94}},"7":{"start":{"line":12,"column":35},"end":{"line":12,"column":79}},"8":{"start":{"line":4,"column":0},"end":{"line":4,"column":24}}},"fnMap":{"0":{"name":"useSafeDispatch","decl":{"start":{"line":4,"column":24},"end":{"line":4,"column":39}},"loc":{"start":{"line":4,"column":87},"end":{"line":13,"column":1}}},"1":{"name":"(anonymous_1)","decl":{"start":{"line":6,"column":18},"end":{"line":6,"column":21}},"loc":{"start":{"line":6,"column":23},"end":{"line":11,"column":3}}},"2":{"name":"(anonymous_2)","decl":{"start":{"line":8,"column":11},"end":{"line":8,"column":14}},"loc":{"start":{"line":8,"column":16},"end":{"line":10,"column":5}}},"3":{"name":"(anonymous_3)","decl":{"start":{"line":12,"column":21},"end":{"line":12,"column":22}},"loc":{"start":{"line":12,"column":35},"end":{"line":12,"column":79}}}},"branchMap":{"0":{"loc":{"start":{"line":12,"column":35},"end":{"line":12,"column":79}},"type":"cond-expr","locations":[{"start":{"line":12,"column":53},"end":{"line":12,"column":70}},{"start":{"line":12,"column":73},"end":{"line":12,"column":79}}]}},"s":{"0":2,"1":8,"2":8,"3":3,"4":3,"5":3,"6":8,"7":5,"8":2},"f":{"0":8,"1":3,"2":3,"3":5},"b":{"0":[5,0]}}
,"/run/media/aydin/philips/shoppingify/react/src/hooks/useSelectedItem.ts": {"path":"/run/media/aydin/philips/shoppingify/react/src/hooks/useSelectedItem.ts","statementMap":{"0":{"start":{"line":1,"column":0},"end":{"line":1,"column":59}},"1":{"start":{"line":3,"column":0},"end":{"line":3,"column":59}},"2":{"start":{"line":6,"column":26},"end":{"line":6,"column":62}},"3":{"start":{"line":8,"column":2},"end":{"line":8,"column":29}},"4":{"start":{"line":5,"column":0},"end":{"line":5,"column":16}},"5":{"start":{"line":12,"column":16},"end":{"line":12,"column":49}},"6":{"start":{"line":14,"column":2},"end":{"line":14,"column":19}},"7":{"start":{"line":11,"column":0},"end":{"line":11,"column":16}}},"fnMap":{"0":{"name":"useSelectedItemSetter","decl":{"start":{"line":5,"column":16},"end":{"line":5,"column":37}},"loc":{"start":{"line":5,"column":37},"end":{"line":9,"column":1}}},"1":{"name":"useSelectedItemGetter","decl":{"start":{"line":11,"column":16},"end":{"line":11,"column":37}},"loc":{"start":{"line":11,"column":37},"end":{"line":15,"column":1}}}},"branchMap":{},"s":{"0":2,"1":2,"2":23,"3":23,"4":2,"5":0,"6":0,"7":2},"f":{"0":23,"1":0},"b":{}}
,"/run/media/aydin/philips/shoppingify/react/src/hooks/useSidebarOptions.ts": {"path":"/run/media/aydin/philips/shoppingify/react/src/hooks/useSidebarOptions.ts","statementMap":{"0":{"start":{"line":1,"column":0},"end":{"line":1,"column":56}},"1":{"start":{"line":3,"column":0},"end":{"line":3,"column":73}},"2":{"start":{"line":7,"column":28},"end":{"line":7,"column":56}},"3":{"start":{"line":8,"column":27},"end":{"line":8,"column":65}},"4":{"start":{"line":10,"column":22},"end":{"line":10,"column":88}},"5":{"start":{"line":10,"column":45},"end":{"line":10,"column":88}},"6":{"start":{"line":10,"column":65},"end":{"line":10,"column":86}},"7":{"start":{"line":12,"column":25},"end":{"line":13,"column":62}},"8":{"start":{"line":13,"column":4},"end":{"line":13,"column":62}},"9":{"start":{"line":13,"column":24},"end":{"line":13,"column":60}},"10":{"start":{"line":15,"column":29},"end":{"line":16,"column":50}},"11":{"start":{"line":16,"column":4},"end":{"line":16,"column":50}},"12":{"start":{"line":16,"column":24},"end":{"line":16,"column":48}},"13":{"start":{"line":18,"column":26},"end":{"line":19,"column":47}},"14":{"start":{"line":19,"column":4},"end":{"line":19,"column":47}},"15":{"start":{"line":19,"column":24},"end":{"line":19,"column":45}},"16":{"start":{"line":21,"column":29},"end":{"line":23,"column":3}},"17":{"start":{"line":22,"column":4},"end":{"line":22,"column":70}},"18":{"start":{"line":22,"column":24},"end":{"line":22,"column":67}},"19":{"start":{"line":25,"column":2},"end":{"line":33,"column":4}},"20":{"start":{"line":6,"column":0},"end":{"line":6,"column":24}}},"fnMap":{"0":{"name":"useSidebarOptions","decl":{"start":{"line":6,"column":24},"end":{"line":6,"column":41}},"loc":{"start":{"line":6,"column":41},"end":{"line":34,"column":1}}},"1":{"name":"(anonymous_1)","decl":{"start":{"line":10,"column":22},"end":{"line":10,"column":23}},"loc":{"start":{"line":10,"column":45},"end":{"line":10,"column":88}}},"2":{"name":"(anonymous_2)","decl":{"start":{"line":10,"column":54},"end":{"line":10,"column":55}},"loc":{"start":{"line":10,"column":65},"end":{"line":10,"column":86}}},"3":{"name":"(anonymous_3)","decl":{"start":{"line":12,"column":25},"end":{"line":12,"column":26}},"loc":{"start":{"line":13,"column":4},"end":{"line":13,"column":62}}},"4":{"name":"(anonymous_4)","decl":{"start":{"line":13,"column":13},"end":{"line":13,"column":14}},"loc":{"start":{"line":13,"column":24},"end":{"line":13,"column":60}}},"5":{"name":"(anonymous_5)","decl":{"start":{"line":15,"column":29},"end":{"line":15,"column":30}},"loc":{"start":{"line":16,"column":4},"end":{"line":16,"column":50}}},"6":{"name":"(anonymous_6)","decl":{"start":{"line":16,"column":13},"end":{"line":16,"column":14}},"loc":{"start":{"line":16,"column":24},"end":{"line":16,"column":48}}},"7":{"name":"(anonymous_7)","decl":{"start":{"line":18,"column":26},"end":{"line":18,"column":27}},"loc":{"start":{"line":19,"column":4},"end":{"line":19,"column":47}}},"8":{"name":"(anonymous_8)","decl":{"start":{"line":19,"column":13},"end":{"line":19,"column":14}},"loc":{"start":{"line":19,"column":24},"end":{"line":19,"column":45}}},"9":{"name":"(anonymous_9)","decl":{"start":{"line":21,"column":29},"end":{"line":21,"column":32}},"loc":{"start":{"line":21,"column":34},"end":{"line":23,"column":3}}},"10":{"name":"(anonymous_10)","decl":{"start":{"line":22,"column":13},"end":{"line":22,"column":14}},"loc":{"start":{"line":22,"column":24},"end":{"line":22,"column":67}}}},"branchMap":{},"s":{"0":5,"1":5,"2":101,"3":101,"4":101,"5":0,"6":0,"7":101,"8":2,"9":2,"10":101,"11":0,"12":0,"13":101,"14":0,"15":0,"16":101,"17":1,"18":1,"19":101,"20":5},"f":{"0":101,"1":0,"2":0,"3":2,"4":2,"5":0,"6":0,"7":0,"8":0,"9":1,"10":1},"b":{}}
,"/run/media/aydin/philips/shoppingify/react/src/services/client.ts": {"path":"/run/media/aydin/philips/shoppingify/react/src/services/client.ts","statementMap":{"0":{"start":{"line":1,"column":0},"end":{"line":1,"column":26}},"1":{"start":{"line":3,"column":16},"end":{"line":6,"column":2}},"2":{"start":{"line":7,"column":15},"end":{"line":10,"column":2}},"3":{"start":{"line":12,"column":0},"end":{"line":26,"column":2}},"4":{"start":{"line":14,"column":18},"end":{"line":14,"column":47}},"5":{"start":{"line":16,"column":4},"end":{"line":18,"column":null}},"6":{"start":{"line":17,"column":6},"end":{"line":17,"column":59}},"7":{"start":{"line":20,"column":4},"end":{"line":20,"column":18}},"8":{"start":{"line":24,"column":4},"end":{"line":24,"column":33}},"9":{"start":{"line":28,"column":0},"end":{"line":40,"column":2}},"10":{"start":{"line":30,"column":4},"end":{"line":30,"column":20}},"11":{"start":{"line":34,"column":27},"end":{"line":34,"column":39}},"12":{"start":{"line":35,"column":4},"end":{"line":37,"column":null}},"13":{"start":{"line":36,"column":6},"end":{"line":36,"column":35}},"14":{"start":{"line":38,"column":4},"end":{"line":38,"column":47}},"15":{"start":{"line":42,"column":0},"end":{"line":42,"column":22}}},"fnMap":{"0":{"name":"(anonymous_0)","decl":{"start":{"line":13,"column":2},"end":{"line":13,"column":3}},"loc":{"start":{"line":13,"column":13},"end":{"line":21,"column":3}}},"1":{"name":"(anonymous_1)","decl":{"start":{"line":23,"column":2},"end":{"line":23,"column":3}},"loc":{"start":{"line":23,"column":12},"end":{"line":25,"column":3}}},"2":{"name":"(anonymous_2)","decl":{"start":{"line":29,"column":2},"end":{"line":29,"column":3}},"loc":{"start":{"line":29,"column":15},"end":{"line":31,"column":3}}},"3":{"name":"(anonymous_3)","decl":{"start":{"line":33,"column":2},"end":{"line":33,"column":3}},"loc":{"start":{"line":33,"column":12},"end":{"line":39,"column":3}}}},"branchMap":{"0":{"loc":{"start":{"line":16,"column":4},"end":{"line":18,"column":null}},"type":"if","locations":[{"start":{"line":16,"column":4},"end":{"line":18,"column":null}}]},"1":{"loc":{"start":{"line":35,"column":4},"end":{"line":37,"column":null}},"type":"if","locations":[{"start":{"line":35,"column":4},"end":{"line":37,"column":null}}]},"2":{"loc":{"start":{"line":35,"column":8},"end":{"line":35,"column":63}},"type":"binary-expr","locations":[{"start":{"line":35,"column":8},"end":{"line":35,"column":37}},{"start":{"line":35,"column":41},"end":{"line":35,"column":63}}]}},"s":{"0":3,"1":3,"2":3,"3":3,"4":3,"5":3,"6":0,"7":3,"8":0,"9":3,"10":2,"11":0,"12":0,"13":0,"14":0,"15":3},"f":{"0":3,"1":0,"2":2,"3":0},"b":{"0":[0],"1":[0],"2":[0,0]}}
,"/run/media/aydin/philips/shoppingify/react/src/services/items.ts": {"path":"/run/media/aydin/philips/shoppingify/react/src/services/items.ts","statementMap":{"0":{"start":{"line":1,"column":0},"end":{"line":1,"column":30}},"1":{"start":{"line":3,"column":23},"end":{"line":14,"column":1}},"2":{"start":{"line":4,"column":2},"end":{"line":13,"column":null}},"3":{"start":{"line":7,"column":13},"end":{"line":7,"column":72}},"4":{"start":{"line":10,"column":4},"end":{"line":10,"column":16}},"5":{"start":{"line":12,"column":4},"end":{"line":12,"column":14}},"6":{"start":{"line":3,"column":13},"end":{"line":3,"column":23}},"7":{"start":{"line":16,"column":27},"end":{"line":22,"column":1}},"8":{"start":{"line":17,"column":2},"end":{"line":21,"column":null}},"9":{"start":{"line":18,"column":4},"end":{"line":18,"column":39}},"10":{"start":{"line":20,"column":4},"end":{"line":20,"column":14}},"11":{"start":{"line":16,"column":13},"end":{"line":16,"column":27}},"12":{"start":{"line":24,"column":27},"end":{"line":33,"column":1}},"13":{"start":{"line":25,"column":2},"end":{"line":32,"column":null}},"14":{"start":{"line":28,"column":13},"end":{"line":28,"column":38}},"15":{"start":{"line":29,"column":4},"end":{"line":29,"column":28}},"16":{"start":{"line":29,"column":15},"end":{"line":29,"column":28}},"17":{"start":{"line":31,"column":4},"end":{"line":31,"column":14}},"18":{"start":{"line":24,"column":13},"end":{"line":24,"column":27}}},"fnMap":{"0":{"name":"(anonymous_0)","decl":{"start":{"line":3,"column":23},"end":{"line":3,"column":28}},"loc":{"start":{"line":3,"column":93},"end":{"line":14,"column":1}}},"1":{"name":"(anonymous_1)","decl":{"start":{"line":16,"column":27},"end":{"line":16,"column":32}},"loc":{"start":{"line":16,"column":48},"end":{"line":22,"column":1}}},"2":{"name":"(anonymous_2)","decl":{"start":{"line":24,"column":27},"end":{"line":24,"column":32}},"loc":{"start":{"line":24,"column":38},"end":{"line":33,"column":1}}}},"branchMap":{"0":{"loc":{"start":{"line":29,"column":4},"end":{"line":29,"column":28}},"type":"if","locations":[{"start":{"line":29,"column":4},"end":{"line":29,"column":28}}]}},"s":{"0":2,"1":2,"2":1,"3":1,"4":0,"5":0,"6":2,"7":2,"8":0,"9":0,"10":0,"11":2,"12":2,"13":1,"14":1,"15":1,"16":1,"17":0,"18":2},"f":{"0":1,"1":0,"2":1},"b":{"0":[1]}}
,"/run/media/aydin/philips/shoppingify/react/src/services/shoppingLists.ts": {"path":"/run/media/aydin/philips/shoppingify/react/src/services/shoppingLists.ts","statementMap":{"0":{"start":{"line":3,"column":0},"end":{"line":3,"column":30}},"1":{"start":{"line":5,"column":32},"end":{"line":18,"column":1}},"2":{"start":{"line":7,"column":2},"end":{"line":17,"column":null}},"3":{"start":{"line":9,"column":4},"end":{"line":13,"column":null}},"4":{"start":{"line":10,"column":6},"end":{"line":10,"column":69}},"5":{"start":{"line":12,"column":6},"end":{"line":12,"column":58}},"6":{"start":{"line":14,"column":4},"end":{"line":14,"column":25}},"7":{"start":{"line":16,"column":4},"end":{"line":16,"column":14}},"8":{"start":{"line":5,"column":13},"end":{"line":5,"column":32}},"9":{"start":{"line":20,"column":34},"end":{"line":27,"column":1}},"10":{"start":{"line":21,"column":2},"end":{"line":26,"column":null}},"11":{"start":{"line":22,"column":60},"end":{"line":22,"column":93}},"12":{"start":{"line":23,"column":4},"end":{"line":23,"column":25}},"13":{"start":{"line":25,"column":4},"end":{"line":25,"column":12}},"14":{"start":{"line":20,"column":13},"end":{"line":20,"column":34}},"15":{"start":{"line":29,"column":33},"end":{"line":37,"column":1}},"16":{"start":{"line":30,"column":2},"end":{"line":36,"column":null}},"17":{"start":{"line":31,"column":50},"end":{"line":31,"column":89}},"18":{"start":{"line":33,"column":4},"end":{"line":33,"column":25}},"19":{"start":{"line":35,"column":4},"end":{"line":35,"column":14}},"20":{"start":{"line":29,"column":13},"end":{"line":29,"column":33}},"21":{"start":{"line":39,"column":36},"end":{"line":51,"column":1}},"22":{"start":{"line":43,"column":2},"end":{"line":50,"column":null}},"23":{"start":{"line":44,"column":26},"end":{"line":44,"column":86}},"24":{"start":{"line":46,"column":4},"end":{"line":46,"column":62}},"25":{"start":{"line":46,"column":24},"end":{"line":46,"column":62}},"26":{"start":{"line":47,"column":4},"end":{"line":47,"column":25}},"27":{"start":{"line":49,"column":4},"end":{"line":49,"column":14}},"28":{"start":{"line":39,"column":13},"end":{"line":39,"column":36}}},"fnMap":{"0":{"name":"(anonymous_0)","decl":{"start":{"line":5,"column":32},"end":{"line":5,"column":37}},"loc":{"start":{"line":5,"column":66},"end":{"line":18,"column":1}}},"1":{"name":"(anonymous_1)","decl":{"start":{"line":20,"column":34},"end":{"line":20,"column":39}},"loc":{"start":{"line":20,"column":45},"end":{"line":27,"column":1}}},"2":{"name":"(anonymous_2)","decl":{"start":{"line":29,"column":33},"end":{"line":29,"column":38}},"loc":{"start":{"line":29,"column":54},"end":{"line":37,"column":1}}},"3":{"name":"(anonymous_3)","decl":{"start":{"line":39,"column":36},"end":{"line":39,"column":41}},"loc":{"start":{"line":42,"column":4},"end":{"line":51,"column":1}}}},"branchMap":{"0":{"loc":{"start":{"line":9,"column":4},"end":{"line":13,"column":null}},"type":"if","locations":[{"start":{"line":9,"column":4},"end":{"line":13,"column":null}},{"start":{"line":11,"column":11},"end":{"line":13,"column":null}}]},"1":{"loc":{"start":{"line":46,"column":4},"end":{"line":46,"column":62}},"type":"if","locations":[{"start":{"line":46,"column":4},"end":{"line":46,"column":62}}]}},"s":{"0":1,"1":1,"2":0,"3":0,"4":0,"5":0,"6":0,"7":0,"8":1,"9":1,"10":0,"11":0,"12":0,"13":0,"14":1,"15":1,"16":1,"17":1,"18":1,"19":0,"20":1,"21":1,"22":0,"23":0,"24":0,"25":0,"26":0,"27":0,"28":1},"f":{"0":0,"1":0,"2":1,"3":0},"b":{"0":[0,0],"1":[0]}}
,"/run/media/aydin/philips/shoppingify/react/src/store/activeShoppingList.ts": {"path":"/run/media/aydin/philips/shoppingify/react/src/store/activeShoppingList.ts","statementMap":{"0":{"start":{"line":1,"column":0},"end":{"line":1,"column":40}},"1":{"start":{"line":5,"column":13},"end":{"line":8,"column":3}},"2":{"start":{"line":10,"column":13},"end":{"line":20,"column":3}},"3":{"start":{"line":13,"column":17},"end":{"line":13,"column":45}},"4":{"start":{"line":14,"column":17},"end":{"line":14,"column":18}},"5":{"start":{"line":15,"column":4},"end":{"line":17,"column":null}},"6":{"start":{"line":16,"column":6},"end":{"line":16,"column":47}},"7":{"start":{"line":18,"column":4},"end":{"line":18,"column":18}}},"fnMap":{"0":{"name":"(anonymous_0)","decl":{"start":{"line":12,"column":7},"end":{"line":12,"column":8}},"loc":{"start":{"line":12,"column":19},"end":{"line":19,"column":3}}}},"branchMap":{},"s":{"0":3,"1":3,"2":3,"3":1,"4":1,"5":1,"6":0,"7":1},"f":{"0":1},"b":{}}
,"/run/media/aydin/philips/shoppingify/react/src/store/items.ts": {"path":"/run/media/aydin/philips/shoppingify/react/src/store/items.ts","statementMap":{"0":{"start":{"line":1,"column":0},"end":{"line":1,"column":40}},"1":{"start":{"line":5,"column":13},"end":{"line":8,"column":3}},"2":{"start":{"line":10,"column":13},"end":{"line":30,"column":3}},"3":{"start":{"line":16,"column":21},"end":{"line":16,"column":38}},"4":{"start":{"line":17,"column":18},"end":{"line":17,"column":33}},"5":{"start":{"line":18,"column":4},"end":{"line":18,"column":62}},"6":{"start":{"line":18,"column":28},"end":{"line":18,"column":60}},"7":{"start":{"line":20,"column":60},"end":{"line":20,"column":62}},"8":{"start":{"line":22,"column":4},"end":{"line":27,"column":7}},"9":{"start":{"line":23,"column":6},"end":{"line":26,"column":9}},"10":{"start":{"line":25,"column":31},"end":{"line":25,"column":66}},"11":{"start":{"line":28,"column":4},"end":{"line":28,"column":72}},"12":{"start":{"line":32,"column":35},"end":{"line":40,"column":1}},"13":{"start":{"line":33,"column":2},"end":{"line":39,"column":4}},"14":{"start":{"line":34,"column":18},"end":{"line":34,"column":38}},"15":{"start":{"line":35,"column":23},"end":{"line":35,"column":59}},"16":{"start":{"line":35,"column":46},"end":{"line":35,"column":58}},"17":{"start":{"line":36,"column":4},"end":{"line":36,"column":47}},"18":{"start":{"line":36,"column":27},"end":{"line":36,"column":47}},"19":{"start":{"line":37,"column":4},"end":{"line":37,"column":32}},"20":{"start":{"line":38,"column":4},"end":{"line":38,"column":17}},"21":{"start":{"line":32,"column":13},"end":{"line":32,"column":35}}},"fnMap":{"0":{"name":"(anonymous_0)","decl":{"start":{"line":15,"column":7},"end":{"line":15,"column":8}},"loc":{"start":{"line":15,"column":19},"end":{"line":29,"column":3}}},"1":{"name":"(anonymous_1)","decl":{"start":{"line":18,"column":18},"end":{"line":18,"column":19}},"loc":{"start":{"line":18,"column":28},"end":{"line":18,"column":60}}},"2":{"name":"(anonymous_2)","decl":{"start":{"line":22,"column":21},"end":{"line":22,"column":22}},"loc":{"start":{"line":22,"column":38},"end":{"line":27,"column":5}}},"3":{"name":"(anonymous_3)","decl":{"start":{"line":25,"column":21},"end":{"line":25,"column":22}},"loc":{"start":{"line":25,"column":31},"end":{"line":25,"column":66}}},"4":{"name":"(anonymous_4)","decl":{"start":{"line":32,"column":35},"end":{"line":32,"column":36}},"loc":{"start":{"line":32,"column":50},"end":{"line":40,"column":1}}},"5":{"name":"(anonymous_5)","decl":{"start":{"line":33,"column":9},"end":{"line":33,"column":10}},"loc":{"start":{"line":33,"column":39},"end":{"line":39,"column":3}}},"6":{"name":"(anonymous_6)","decl":{"start":{"line":35,"column":39},"end":{"line":35,"column":40}},"loc":{"start":{"line":35,"column":46},"end":{"line":35,"column":58}}}},"branchMap":{"0":{"loc":{"start":{"line":36,"column":4},"end":{"line":36,"column":47}},"type":"if","locations":[{"start":{"line":36,"column":4},"end":{"line":36,"column":47}}]}},"s":{"0":3,"1":3,"2":3,"3":5,"4":5,"5":5,"6":240,"7":5,"8":5,"9":40,"10":4800,"11":5,"12":3,"13":0,"14":0,"15":0,"16":0,"17":0,"18":0,"19":0,"20":0,"21":3},"f":{"0":5,"1":240,"2":40,"3":4800,"4":0,"5":0,"6":0},"b":{"0":[0]}}
,"/run/media/aydin/philips/shoppingify/react/src/store/notification.ts": {"path":"/run/media/aydin/philips/shoppingify/react/src/store/notification.ts","statementMap":{"0":{"start":{"line":1,"column":0},"end":{"line":1,"column":30}},"1":{"start":{"line":5,"column":13},"end":{"line":11,"column":3}}},"fnMap":{},"branchMap":{},"s":{"0":1,"1":1},"f":{},"b":{}}
,"/run/media/aydin/philips/shoppingify/react/src/store/selectedItem.ts": {"path":"/run/media/aydin/philips/shoppingify/react/src/store/selectedItem.ts","statementMap":{"0":{"start":{"line":1,"column":0},"end":{"line":1,"column":30}},"1":{"start":{"line":5,"column":13},"end":{"line":8,"column":3}}},"fnMap":{},"branchMap":{},"s":{"0":2,"1":2},"f":{},"b":{}}
,"/run/media/aydin/philips/shoppingify/react/src/store/sidebar.ts": {"path":"/run/media/aydin/philips/shoppingify/react/src/store/sidebar.ts","statementMap":{"0":{"start":{"line":1,"column":0},"end":{"line":1,"column":40}},"1":{"start":{"line":5,"column":13},"end":{"line":8,"column":3}},"2":{"start":{"line":12,"column":13},"end":{"line":18,"column":3}},"3":{"start":{"line":15,"column":38},"end":{"line":15,"column":55}},"4":{"start":{"line":16,"column":4},"end":{"line":16,"column":41}}},"fnMap":{"0":{"name":"(anonymous_0)","decl":{"start":{"line":14,"column":7},"end":{"line":14,"column":8}},"loc":{"start":{"line":14,"column":19},"end":{"line":17,"column":3}}}},"branchMap":{"0":{"loc":{"start":{"line":16,"column":11},"end":{"line":16,"column":40}},"type":"cond-expr","locations":[{"start":{"line":16,"column":22},"end":{"line":16,"column":33}},{"start":{"line":16,"column":36},"end":{"line":16,"column":40}}]}},"s":{"0":5,"1":5,"2":5,"3":8,"4":8},"f":{"0":8},"b":{"0":[0,8]}}
,"/run/media/aydin/philips/shoppingify/react/src/utils/shoppingList.ts": {"path":"/run/media/aydin/philips/shoppingify/react/src/utils/shoppingList.ts","statementMap":{"0":{"start":{"line":14,"column":2},"end":{"line":19,"column":null}},"1":{"start":{"line":15,"column":4},"end":{"line":18,"column":null}},"2":{"start":{"line":16,"column":6},"end":{"line":16,"column":36}},"3":{"start":{"line":17,"column":6},"end":{"line":17,"column":12}},"4":{"start":{"line":23,"column":2},"end":{"line":30,"column":8}},"5":{"start":{"line":9,"column":0},"end":{"line":9,"column":16}},"6":{"start":{"line":35,"column":19},"end":{"line":35,"column":68}},"7":{"start":{"line":36,"column":2},"end":{"line":45,"column":null}},"8":{"start":{"line":37,"column":4},"end":{"line":44,"column":null}},"9":{"start":{"line":38,"column":23},"end":{"line":38,"column":46}},"10":{"start":{"line":39,"column":6},"end":{"line":43,"column":null}},"11":{"start":{"line":40,"column":8},"end":{"line":40,"column":38}},"12":{"start":{"line":42,"column":8},"end":{"line":42,"column":36}},"13":{"start":{"line":46,"column":2},"end":{"line":52,"column":4}},"14":{"start":{"line":34,"column":0},"end":{"line":34,"column":16}},"15":{"start":{"line":57,"column":24},"end":{"line":57,"column":26}},"16":{"start":{"line":58,"column":2},"end":{"line":63,"column":null}},"17":{"start":{"line":59,"column":4},"end":{"line":62,"column":7}},"18":{"start":{"line":60,"column":22},"end":{"line":60,"column":95}},"19":{"start":{"line":61,"column":6},"end":{"line":61,"column":29}},"20":{"start":{"line":64,"column":2},"end":{"line":64,"column":82}},"21":{"start":{"line":55,"column":0},"end":{"line":55,"column":16}},"22":{"start":{"line":68,"column":20},"end":{"line":73,"column":4}},"23":{"start":{"line":74,"column":2},"end":{"line":74,"column":42}},"24":{"start":{"line":67,"column":0},"end":{"line":67,"column":16}}},"fnMap":{"0":{"name":"prepareActiveShoppingList","decl":{"start":{"line":9,"column":16},"end":{"line":9,"column":41}},"loc":{"start":{"line":10,"column":44},"end":{"line":31,"column":1}}},"1":{"name":"groupItemsOfShoppingList","decl":{"start":{"line":34,"column":16},"end":{"line":34,"column":40}},"loc":{"start":{"line":34,"column":64},"end":{"line":53,"column":1}}},"2":{"name":"mapShoppingListToSave","decl":{"start":{"line":55,"column":16},"end":{"line":55,"column":37}},"loc":{"start":{"line":55,"column":57},"end":{"line":65,"column":1}}},"3":{"name":"(anonymous_3)","decl":{"start":{"line":59,"column":37},"end":{"line":59,"column":38}},"loc":{"start":{"line":59,"column":50},"end":{"line":62,"column":5}}},"4":{"name":"formatDate","decl":{"start":{"line":67,"column":16},"end":{"line":67,"column":26}},"loc":{"start":{"line":67,"column":39},"end":{"line":75,"column":1}}}},"branchMap":{"0":{"loc":{"start":{"line":15,"column":4},"end":{"line":18,"column":null}},"type":"if","locations":[{"start":{"line":15,"column":4},"end":{"line":18,"column":null}}]},"1":{"loc":{"start":{"line":15,"column":8},"end":{"line":15,"column":59}},"type":"binary-expr","locations":[{"start":{"line":15,"column":8},"end":{"line":15,"column":31}},{"start":{"line":15,"column":35},"end":{"line":15,"column":59}}]},"2":{"loc":{"start":{"line":23,"column":9},"end":{"line":30,"column":8}},"type":"cond-expr","locations":[{"start":{"line":24,"column":6},"end":{"line":24,"column":46}},{"start":{"line":25,"column":6},"end":{"line":30,"column":8}}]},"3":{"loc":{"start":{"line":36,"column":2},"end":{"line":45,"column":null}},"type":"if","locations":[{"start":{"line":36,"column":2},"end":{"line":45,"column":null}}]},"4":{"loc":{"start":{"line":39,"column":6},"end":{"line":43,"column":null}},"type":"if","locations":[{"start":{"line":39,"column":6},"end":{"line":43,"column":null}},{"start":{"line":41,"column":13},"end":{"line":43,"column":null}}]}},"s":{"0":0,"1":0,"2":0,"3":0,"4":0,"5":1,"6":1,"7":1,"8":1,"9":4,"10":4,"11":0,"12":4,"13":1,"14":1,"15":0,"16":0,"17":0,"18":0,"19":0,"20":0,"21":1,"22":1,"23":1,"24":1},"f":{"0":0,"1":1,"2":0,"3":0,"4":1},"b":{"0":[0],"1":[0,0],"2":[0,0],"3":[1],"4":[0,4]}}
}
