TN:
SF:src/components/common/Logout.tsx
FN:3,Logout
FN:4,(anonymous_1)
FNF:2
FNH:2
FNDA:1,Logout
FNDA:1,(anonymous_1)
DA:1,1
DA:3,1
DA:4,1
DA:5,1
DA:6,1
DA:9,1
LF:6
LH:6
BRF:0
BRH:0
end_of_record
TN:
SF:src/components/common/NavCartButton.tsx
FN:7,NavCartButton
FNF:1
FNH:1
FNDA:3,NavCartButton
DA:1,1
DA:2,1
DA:4,1
DA:5,1
DA:7,1
DA:8,3
DA:10,3
DA:11,3
LF:8
LH:8
BRF:0
BRH:0
end_of_record
TN:
SF:src/components/common/NavigationLink.tsx
FN:5,NavigationLink
FN:20,(anonymous_1)
FNF:2
FNH:2
FNDA:1,NavigationLink
FNDA:3,(anonymous_1)
DA:2,1
DA:3,1
DA:5,1
DA:14,1
DA:20,3
LF:5
LH:5
BRDA:20,0,0,1
BRDA:20,0,1,2
BRF:2
BRH:2
end_of_record
TN:
SF:src/components/common/Notification.tsx
FN:4,Notification
FN:11,(anonymous_1)
FNF:2
FNH:0
FNDA:0,Notification
FNDA:0,(anonymous_1)
DA:1,1
DA:2,1
DA:4,1
DA:5,0
DA:6,0
DA:11,0
LF:6
LH:3
BRF:0
BRH:0
end_of_record
TN:
SF:src/components/common/RecoilObserver.tsx
FN:5,(anonymous_0)
FN:7,(anonymous_1)
FNF:2
FNH:2
FNDA:20,(anonymous_0)
FNDA:20,(anonymous_1)
DA:2,3
DA:3,3
DA:5,3
DA:6,20
DA:7,20
DA:8,20
DA:10,20
DA:13,3
LF:8
LH:8
BRF:0
BRH:0
end_of_record
TN:
SF:src/components/common/TheSpinner.tsx
FN:3,(anonymous_0)
FNF:1
FNH:1
FNDA:6,(anonymous_0)
DA:1,3
DA:3,3
DA:4,6
DA:12,3
LF:4
LH:4
BRF:0
BRH:0
end_of_record
TN:
SF:src/components/items/ItemList.tsx
FN:14,ItemList
FN:18,(anonymous_1)
FN:18,(anonymous_2)
FN:29,(anonymous_3)
FN:34,(anonymous_4)
FNF:5
FNH:4
FNDA:23,ItemList
FNDA:132,(anonymous_1)
FNDA:1,(anonymous_2)
FNDA:132,(anonymous_3)
FNDA:0,(anonymous_4)
DA:2,2
DA:3,2
DA:5,2
DA:6,2
DA:14,2
DA:15,23
DA:16,23
DA:18,132
DA:20,1
DA:21,1
DA:22,1
DA:25,23
DA:30,132
LF:13
LH:13
BRDA:34,0,0,132
BRDA:34,0,1,0
BRF:2
BRH:1
end_of_record
TN:
SF:src/components/items/Items.tsx
FN:18,Items
FN:29,(anonymous_1)
FN:32,(anonymous_2)
FN:35,(anonymous_3)
FN:36,(anonymous_4)
FN:43,(anonymous_5)
FN:44,(anonymous_6)
FN:69,(anonymous_7)
FNF:8
FNH:6
FNDA:2,Items
FNDA:1,(anonymous_1)
FNDA:1,(anonymous_2)
FNDA:0,(anonymous_3)
FNDA:1,(anonymous_4)
FNDA:120,(anonymous_5)
FNDA:0,(anonymous_6)
FNDA:20,(anonymous_7)
DA:2,1
DA:3,1
DA:4,1
DA:6,1
DA:7,1
DA:8,1
DA:9,1
DA:10,1
DA:13,1
DA:15,1
DA:16,1
DA:18,1
DA:19,2
DA:20,2
DA:21,2
DA:22,2
DA:23,2
DA:25,2
DA:26,2
DA:29,2
DA:30,1
DA:31,1
DA:33,1
DA:35,0
DA:36,1
DA:38,0
DA:43,2
DA:44,120
DA:45,0
DA:46,0
DA:50,2
DA:52,2
DA:54,1
DA:70,20
LF:34
LH:30
BRDA:30,0,0,1
BRDA:30,0,1,0
BRDA:52,1,0,1
BRDA:56,2,0,0
BRDA:56,2,1,1
BRF:5
BRH:3
end_of_record
TN:
SF:src/components/items/SearchItems.tsx
FN:11,SearchItems
FN:24,(anonymous_1)
FN:29,(anonymous_2)
FN:34,(anonymous_3)
FN:41,(anonymous_4)
FN:44,(anonymous_5)
FN:44,(anonymous_6)
FN:50,(anonymous_7)
FN:55,(anonymous_8)
FN:74,(anonymous_9)
FN:81,(anonymous_10)
FNF:11
FNH:10
FNDA:21,SearchItems
FNDA:1,(anonymous_1)
FNDA:13,(anonymous_2)
FNDA:1,(anonymous_3)
FNDA:13,(anonymous_4)
FNDA:1,(anonymous_5)
FNDA:0,(anonymous_6)
FNDA:8,(anonymous_7)
FNDA:9,(anonymous_8)
FNDA:8,(anonymous_9)
FNDA:1,(anonymous_10)
DA:2,2
DA:3,2
DA:4,2
DA:6,2
DA:7,2
DA:8,2
DA:11,2
DA:12,21
DA:13,21
DA:14,21
DA:16,21
DA:17,21
DA:19,21
DA:22,21
DA:24,21
DA:25,1
DA:26,1
DA:29,21
DA:30,13
DA:31,8
DA:33,13
DA:34,8
DA:35,1
DA:38,5
DA:41,13
DA:44,21
DA:45,0
DA:46,0
DA:47,0
DA:50,21
DA:51,8
DA:52,8
DA:55,21
DA:56,9
DA:57,1
DA:58,1
DA:62,21
DA:74,8
DA:82,1
LF:39
LH:36
BRDA:30,0,0,8
BRDA:33,1,0,8
BRDA:33,1,1,5
BRDA:56,2,0,1
BRF:4
BRH:4
end_of_record
TN:
SF:src/components/shoppinglist/ShoppingList.tsx
FN:12,ShoppingList
FN:17,(anonymous_1)
FN:19,(anonymous_2)
FN:22,(anonymous_3)
FN:41,(anonymous_4)
FN:46,(anonymous_5)
FNF:6
FNH:5
FNDA:2,ShoppingList
FNDA:1,(anonymous_1)
FNDA:1,(anonymous_2)
FNDA:0,(anonymous_3)
FNDA:4,(anonymous_4)
FNDA:4,(anonymous_5)
DA:1,1
DA:2,1
DA:3,1
DA:4,1
DA:6,1
DA:8,1
DA:9,1
DA:12,1
DA:13,2
DA:14,2
DA:15,2
DA:17,2
DA:18,1
DA:20,1
DA:22,0
DA:25,2
DA:27,1
DA:29,1
DA:42,4
DA:47,4
LF:20
LH:19
BRDA:25,0,0,1
BRDA:27,1,0,0
BRF:2
BRH:1
end_of_record
TN:
SF:src/components/sidebar/AddItem.tsx
FN:12,AddItem
FN:22,(anonymous_1)
FN:26,(anonymous_2)
FN:48,(anonymous_3)
FN:63,(anonymous_4)
FN:75,(anonymous_5)
FNF:6
FNH:4
FNDA:52,AddItem
FNDA:1,(anonymous_1)
FNDA:4,(anonymous_2)
FNDA:19,(anonymous_3)
FNDA:0,(anonymous_4)
FNDA:0,(anonymous_5)
DA:2,1
DA:3,1
DA:5,1
DA:6,1
DA:7,1
DA:8,1
DA:10,1
DA:12,1
DA:13,52
DA:14,52
DA:15,52
DA:17,52
DA:18,52
DA:19,52
DA:20,52
DA:22,52
DA:23,1
DA:26,52
DA:27,4
DA:28,4
DA:29,1
DA:30,1
DA:31,0
DA:34,0
DA:38,52
DA:49,19
DA:64,0
DA:76,0
LF:28
LH:24
BRDA:28,0,0,3
BRDA:28,1,0,4
BRDA:28,1,1,2
BRF:3
BRH:3
end_of_record
TN:
SF:src/components/sidebar/CategoryInput.tsx
FN:7,CategoryInput
FN:17,(anonymous_1)
FN:31,(anonymous_2)
FN:36,(anonymous_3)
FN:37,(anonymous_4)
FN:38,(anonymous_5)
FN:52,CategoryList
FN:61,(anonymous_7)
FN:68,(anonymous_8)
FN:72,(anonymous_9)
FNF:10
FNH:6
FNDA:54,CategoryInput
FNDA:0,(anonymous_1)
FNDA:26,(anonymous_2)
FNDA:2,(anonymous_3)
FNDA:2,(anonymous_4)
FNDA:26,(anonymous_5)
FNDA:29,CategoryList
FNDA:0,(anonymous_7)
FNDA:0,(anonymous_8)
FNDA:0,(anonymous_9)
DA:2,1
DA:3,1
DA:5,1
DA:7,1
DA:12,54
DA:14,54
DA:15,54
DA:17,54
DA:18,0
DA:19,0
DA:20,0
DA:23,54
DA:32,26
DA:33,26
DA:34,26
DA:36,2
DA:37,2
DA:38,26
DA:61,29
DA:62,0
DA:63,0
DA:64,0
DA:67,29
DA:68,0
DA:70,29
DA:73,0
LF:26
LH:18
BRDA:37,0,0,2
BRDA:37,0,1,0
BRDA:38,1,0,26
BRDA:38,1,1,0
BRDA:41,2,0,54
BRDA:41,2,1,29
BRDA:64,3,0,0
BRDA:67,4,0,27
BRDA:67,4,1,2
BRF:9
BRH:6
end_of_record
TN:
SF:src/components/stats/TopBars.tsx
FN:15,TopBars
FN:18,(anonymous_1)
FN:22,(anonymous_2)
FN:32,(anonymous_3)
FN:42,(anonymous_4)
FNF:5
FNH:5
FNDA:6,TopBars
FNDA:2,(anonymous_1)
FNDA:4,(anonymous_2)
FNDA:4,(anonymous_3)
FNDA:6,(anonymous_4)
DA:1,1
DA:2,1
DA:4,1
DA:6,1
DA:15,1
DA:16,6
DA:18,6
DA:19,2
DA:22,6
DA:23,4
DA:24,4
DA:25,2
DA:26,8
DA:29,4
DA:32,6
DA:33,4
DA:34,2
DA:37,6
DA:39,2
DA:43,6
DA:44,6
LF:21
LH:21
BRDA:15,0,0,6
BRDA:24,1,0,2
BRDA:33,2,0,2
BRDA:37,3,0,4
BRDA:37,4,0,6
BRDA:37,4,1,2
BRF:6
BRH:6
end_of_record
TN:
SF:src/hooks/useActiveShoppingList.ts
FN:11,useActiveShoppingListState
FN:14,(anonymous_1)
FN:16,(anonymous_2)
FN:20,(anonymous_3)
FN:26,(anonymous_4)
FN:30,(anonymous_5)
FN:38,(anonymous_6)
FN:41,(anonymous_7)
FN:44,(anonymous_8)
FN:59,addItem
FN:60,(anonymous_10)
FN:73,removeItem
FN:74,(anonymous_12)
FN:77,(anonymous_13)
FN:85,changeAmount
FN:86,(anonymous_15)
FN:98,toggleDone
FN:99,(anonymous_17)
FN:108,updateListInfo
FN:109,(anonymous_19)
FN:112,resetActiveShoppingList
FNF:21
FNH:5
FNDA:23,useActiveShoppingListState
FNDA:1,(anonymous_1)
FNDA:0,(anonymous_2)
FNDA:1,(anonymous_3)
FNDA:0,(anonymous_4)
FNDA:0,(anonymous_5)
FNDA:0,(anonymous_6)
FNDA:0,(anonymous_7)
FNDA:0,(anonymous_8)
FNDA:1,addItem
FNDA:1,(anonymous_10)
FNDA:0,removeItem
FNDA:0,(anonymous_12)
FNDA:0,(anonymous_13)
FNDA:0,changeAmount
FNDA:0,(anonymous_15)
FNDA:0,toggleDone
FNDA:0,(anonymous_17)
FNDA:0,updateListInfo
FNDA:0,(anonymous_19)
FNDA:0,resetActiveShoppingList
DA:1,2
DA:3,2
DA:11,2
DA:12,23
DA:14,23
DA:15,1
DA:16,0
DA:20,23
DA:21,1
DA:22,1
DA:23,1
DA:26,23
DA:27,0
DA:30,23
DA:35,0
DA:38,23
DA:39,0
DA:41,23
DA:42,0
DA:44,23
DA:46,23
DA:60,1
DA:61,1
DA:62,1
DA:63,1
DA:74,0
DA:75,0
DA:76,0
DA:77,0
DA:78,0
DA:81,0
DA:86,0
DA:87,0
DA:88,0
DA:89,0
DA:90,0
DA:91,0
DA:92,0
DA:94,0
DA:99,0
DA:100,0
DA:101,0
DA:102,0
DA:103,0
DA:109,0
DA:113,0
LF:46
LH:20
BRDA:22,0,0,0
BRDA:62,1,0,1
BRDA:62,1,1,1
BRDA:76,2,0,0
BRDA:78,3,0,0
BRDA:89,4,0,0
BRDA:89,4,1,0
BRDA:89,5,0,0
BRDA:89,5,1,0
BRDA:91,6,0,0
BRF:10
BRH:2
end_of_record
TN:
SF:src/hooks/useAsync.ts
FN:16,useAsync
FN:23,(anonymous_1)
FN:27,(anonymous_2)
FN:29,(anonymous_3)
FN:32,(anonymous_4)
FN:35,(anonymous_5)
FN:43,(anonymous_6)
FN:47,(anonymous_7)
FNF:8
FNH:5
FNDA:6,useAsync
FNDA:6,(anonymous_1)
FNDA:2,(anonymous_2)
FNDA:0,(anonymous_3)
FNDA:0,(anonymous_4)
FNDA:2,(anonymous_5)
FNDA:2,(anonymous_6)
FNDA:0,(anonymous_7)
DA:1,1
DA:3,1
DA:14,1
DA:16,1
DA:17,6
DA:21,6
DA:23,6
DA:25,6
DA:27,6
DA:28,6
DA:29,0
DA:32,6
DA:34,6
DA:36,2
DA:37,0
DA:41,2
DA:42,2
DA:44,2
DA:45,2
DA:48,0
DA:49,0
DA:56,6
LF:22
LH:18
BRDA:36,0,0,0
BRDA:36,1,0,2
BRDA:36,1,1,2
BRF:3
BRH:2
end_of_record
TN:
SF:src/hooks/useItems.ts
FN:6,useItemsSetter
FN:9,(anonymous_1)
FN:11,(anonymous_2)
FN:11,(anonymous_3)
FN:13,(anonymous_4)
FN:18,useItemsGetter
FN:22,(anonymous_6)
FNF:7
FNH:4
FNDA:56,useItemsSetter
FNDA:3,(anonymous_1)
FNDA:0,(anonymous_2)
FNDA:0,(anonymous_3)
FNDA:0,(anonymous_4)
FNDA:77,useItemsGetter
FNDA:1,(anonymous_6)
DA:1,3
DA:3,3
DA:6,3
DA:7,56
DA:9,56
DA:11,56
DA:13,56
DA:15,56
DA:18,3
DA:19,77
DA:20,77
DA:22,77
DA:23,1
DA:24,1
DA:25,120
DA:26,1
DA:28,120
DA:30,1
DA:33,77
LF:19
LH:19
BRDA:25,0,0,1
BRDA:28,1,0,0
BRF:2
BRH:1
end_of_record
TN:
SF:src/hooks/useNotification.ts
FN:9,useNotification
FN:12,(anonymous_1)
FN:13,(anonymous_2)
FN:15,(anonymous_3)
FN:18,(anonymous_4)
FN:22,(anonymous_5)
FN:27,(anonymous_6)
FNF:7
FNH:5
FNDA:52,useNotification
FNDA:3,(anonymous_1)
FNDA:3,(anonymous_2)
FNDA:4,(anonymous_3)
FNDA:0,(anonymous_4)
FNDA:3,(anonymous_5)
FNDA:0,(anonymous_6)
DA:1,1
DA:2,1
DA:4,1
DA:7,1
DA:9,1
DA:10,52
DA:12,52
DA:13,3
DA:15,52
DA:17,4
DA:18,1
DA:19,0
DA:22,4
DA:23,3
DA:27,52
DA:28,0
DA:32,52
LF:17
LH:15
BRDA:17,0,0,1
BRDA:28,1,0,0
BRDA:28,1,1,0
BRF:3
BRH:1
end_of_record
TN:
SF:src/hooks/useSafeDispatch.ts
FN:4,useSafeDispatch
FN:6,(anonymous_1)
FN:8,(anonymous_2)
FN:12,(anonymous_3)
FNF:4
FNH:4
FNDA:8,useSafeDispatch
FNDA:3,(anonymous_1)
FNDA:3,(anonymous_2)
FNDA:5,(anonymous_3)
DA:1,2
DA:4,2
DA:5,8
DA:6,8
DA:7,3
DA:8,3
DA:9,3
DA:12,8
LF:8
LH:8
BRDA:12,0,0,5
BRDA:12,0,1,0
BRF:2
BRH:1
end_of_record
TN:
SF:src/hooks/useSelectedItem.ts
FN:5,useSelectedItemSetter
FN:11,useSelectedItemGetter
FNF:2
FNH:1
FNDA:23,useSelectedItemSetter
FNDA:0,useSelectedItemGetter
DA:1,2
DA:3,2
DA:5,2
DA:6,23
DA:8,23
DA:11,2
DA:12,0
DA:14,0
LF:8
LH:6
BRF:0
BRH:0
end_of_record
TN:
SF:src/hooks/useSidebarOptions.ts
FN:6,useSidebarOptions
FN:10,(anonymous_1)
FN:10,(anonymous_2)
FN:12,(anonymous_3)
FN:13,(anonymous_4)
FN:15,(anonymous_5)
FN:16,(anonymous_6)
FN:18,(anonymous_7)
FN:19,(anonymous_8)
FN:21,(anonymous_9)
FN:22,(anonymous_10)
FNF:11
FNH:5
FNDA:101,useSidebarOptions
FNDA:0,(anonymous_1)
FNDA:0,(anonymous_2)
FNDA:2,(anonymous_3)
FNDA:2,(anonymous_4)
FNDA:0,(anonymous_5)
FNDA:0,(anonymous_6)
FNDA:0,(anonymous_7)
FNDA:0,(anonymous_8)
FNDA:1,(anonymous_9)
FNDA:1,(anonymous_10)
DA:1,5
DA:3,5
DA:6,5
DA:7,101
DA:8,101
DA:10,101
DA:12,101
DA:13,2
DA:15,101
DA:16,0
DA:18,101
DA:19,0
DA:21,101
DA:22,1
DA:25,101
LF:15
LH:13
BRF:0
BRH:0
end_of_record
TN:
SF:src/services/client.ts
FN:13,(anonymous_0)
FN:23,(anonymous_1)
FN:29,(anonymous_2)
FN:33,(anonymous_3)
FNF:4
FNH:2
FNDA:3,(anonymous_0)
FNDA:0,(anonymous_1)
FNDA:2,(anonymous_2)
FNDA:0,(anonymous_3)
DA:1,3
DA:3,3
DA:7,3
DA:12,3
DA:14,3
DA:16,3
DA:17,0
DA:20,3
DA:24,0
DA:28,3
DA:30,2
DA:34,0
DA:35,0
DA:36,0
DA:38,0
DA:42,3
LF:16
LH:10
BRDA:16,0,0,0
BRDA:35,1,0,0
BRDA:35,2,0,0
BRDA:35,2,1,0
BRF:4
BRH:0
end_of_record
TN:
SF:src/services/items.ts
FN:3,(anonymous_0)
FN:16,(anonymous_1)
FN:24,(anonymous_2)
FNF:3
FNH:2
FNDA:1,(anonymous_0)
FNDA:0,(anonymous_1)
FNDA:1,(anonymous_2)
DA:1,2
DA:3,2
DA:4,1
DA:7,1
DA:10,0
DA:12,0
DA:16,2
DA:17,0
DA:18,0
DA:20,0
DA:24,2
DA:25,1
DA:28,1
DA:29,1
DA:31,0
LF:15
LH:9
BRDA:29,0,0,1
BRF:1
BRH:1
end_of_record
TN:
SF:src/services/shoppingLists.ts
FN:5,(anonymous_0)
FN:20,(anonymous_1)
FN:29,(anonymous_2)
FN:39,(anonymous_3)
FNF:4
FNH:1
FNDA:0,(anonymous_0)
FNDA:0,(anonymous_1)
FNDA:1,(anonymous_2)
FNDA:0,(anonymous_3)
DA:3,1
DA:5,1
DA:7,0
DA:9,0
DA:10,0
DA:12,0
DA:14,0
DA:16,0
DA:20,1
DA:21,0
DA:22,0
DA:23,0
DA:25,0
DA:29,1
DA:30,1
DA:31,1
DA:33,1
DA:35,0
DA:39,1
DA:43,0
DA:44,0
DA:46,0
DA:47,0
DA:49,0
LF:24
LH:8
BRDA:9,0,0,0
BRDA:9,0,1,0
BRDA:46,1,0,0
BRF:3
BRH:0
end_of_record
TN:
SF:src/store/activeShoppingList.ts
FN:12,(anonymous_0)
FNF:1
FNH:1
FNDA:1,(anonymous_0)
DA:1,3
DA:5,3
DA:10,3
DA:13,1
DA:14,1
DA:15,1
DA:16,0
DA:18,1
LF:8
LH:7
BRF:0
BRH:0
end_of_record
TN:
SF:src/store/items.ts
FN:15,(anonymous_0)
FN:18,(anonymous_1)
FN:22,(anonymous_2)
FN:25,(anonymous_3)
FN:32,(anonymous_4)
FN:33,(anonymous_5)
FN:35,(anonymous_6)
FNF:7
FNH:4
FNDA:5,(anonymous_0)
FNDA:240,(anonymous_1)
FNDA:40,(anonymous_2)
FNDA:4800,(anonymous_3)
FNDA:0,(anonymous_4)
FNDA:0,(anonymous_5)
FNDA:0,(anonymous_6)
DA:1,3
DA:5,3
DA:10,3
DA:16,5
DA:17,5
DA:18,240
DA:20,5
DA:22,5
DA:23,40
DA:25,4800
DA:28,5
DA:32,3
DA:33,0
DA:34,0
DA:35,0
DA:36,0
DA:37,0
DA:38,0
LF:18
LH:12
BRDA:36,0,0,0
BRF:1
BRH:0
end_of_record
TN:
SF:src/store/notification.ts
FNF:0
FNH:0
DA:1,1
DA:5,1
LF:2
LH:2
BRF:0
BRH:0
end_of_record
TN:
SF:src/store/selectedItem.ts
FNF:0
FNH:0
DA:1,2
DA:5,2
LF:2
LH:2
BRF:0
BRH:0
end_of_record
TN:
SF:src/store/sidebar.ts
FN:14,(anonymous_0)
FNF:1
FNH:1
FNDA:8,(anonymous_0)
DA:1,5
DA:5,5
DA:12,5
DA:15,8
DA:16,8
LF:5
LH:5
BRDA:16,0,0,0
BRDA:16,0,1,8
BRF:2
BRH:1
end_of_record
TN:
SF:src/utils/shoppingList.ts
FN:9,prepareActiveShoppingList
FN:34,groupItemsOfShoppingList
FN:55,mapShoppingListToSave
FN:59,(anonymous_3)
FN:67,formatDate
FNF:5
FNH:2
FNDA:0,prepareActiveShoppingList
FNDA:1,groupItemsOfShoppingList
FNDA:0,mapShoppingListToSave
FNDA:0,(anonymous_3)
FNDA:1,formatDate
DA:9,1
DA:14,0
DA:15,0
DA:16,0
DA:17,0
DA:23,0
DA:34,1
DA:35,1
DA:36,1
DA:37,1
DA:38,4
DA:39,4
DA:40,0
DA:42,4
DA:46,1
DA:55,1
DA:57,0
DA:58,0
DA:59,0
DA:60,0
DA:61,0
DA:64,0
DA:67,1
DA:68,1
DA:74,1
LF:25
LH:13
BRDA:15,0,0,0
BRDA:15,1,0,0
BRDA:15,1,1,0
BRDA:23,2,0,0
BRDA:23,2,1,0
BRDA:36,3,0,1
BRDA:39,4,0,0
BRDA:39,4,1,4
BRF:8
BRH:2
end_of_record
